2017-12-29 10:49:27.107+0000 WARN [o.n.i.p.PageCache] The dbms.memory.pagecache.size setting has not been configured. It is recommended that this setting is always explicitly configured, to ensure the system has a balanced configuration. Until then, a computed heuristic value of 3231377408 bytes will be used instead. 
2017-12-29 10:49:27.769+0000 INFO [o.n.k.i.f.CommunityEditionModule] No locking implementation specified, defaulting to 'community'
2017-12-29 10:49:28.073+0000 INFO [o.n.k.AvailabilityGuard] Requirement makes database unavailable: Database available
2017-12-29 10:49:28.119+0000 INFO [o.n.k.i.DiagnosticsManager] --- INITIALIZED diagnostics START ---
2017-12-29 10:49:28.119+0000 INFO [o.n.k.i.DiagnosticsManager] Neo4j Kernel properties:
2017-12-29 10:49:28.120+0000 INFO [o.n.k.i.DiagnosticsManager] unsupported.dbms.directories.neo4j_home=/home/abdellah/spring/oldnoe4j/target/neo4j-hello-db
2017-12-29 10:49:28.120+0000 INFO [o.n.k.i.DiagnosticsManager] unsupported.dbms.edition=community
2017-12-29 10:49:28.120+0000 INFO [o.n.k.i.DiagnosticsManager] unsupported.dbms.ephemeral=false
2017-12-29 10:49:28.120+0000 INFO [o.n.k.i.DiagnosticsManager] Diagnostics providers:
2017-12-29 10:49:28.121+0000 INFO [o.n.k.i.DiagnosticsManager] org.neo4j.kernel.configuration.Config
2017-12-29 10:49:28.121+0000 INFO [o.n.k.i.DiagnosticsManager] org.neo4j.kernel.info.DiagnosticsManager
2017-12-29 10:49:28.121+0000 INFO [o.n.k.i.DiagnosticsManager] SYSTEM_MEMORY
2017-12-29 10:49:28.121+0000 INFO [o.n.k.i.DiagnosticsManager] JAVA_MEMORY
2017-12-29 10:49:28.121+0000 INFO [o.n.k.i.DiagnosticsManager] OPERATING_SYSTEM
2017-12-29 10:49:28.121+0000 INFO [o.n.k.i.DiagnosticsManager] JAVA_VIRTUAL_MACHINE
2017-12-29 10:49:28.121+0000 INFO [o.n.k.i.DiagnosticsManager] CLASSPATH
2017-12-29 10:49:28.122+0000 INFO [o.n.k.i.DiagnosticsManager] LIBRARY_PATH
2017-12-29 10:49:28.122+0000 INFO [o.n.k.i.DiagnosticsManager] SYSTEM_PROPERTIES
2017-12-29 10:49:28.122+0000 INFO [o.n.k.i.DiagnosticsManager] LINUX_SCHEDULERS
2017-12-29 10:49:28.122+0000 INFO [o.n.k.i.DiagnosticsManager] NETWORK
2017-12-29 10:49:28.122+0000 INFO [o.n.k.i.DiagnosticsManager] System memory information:
2017-12-29 10:49:28.125+0000 INFO [o.n.k.i.DiagnosticsManager] Total Physical memory: 7.74 GB
2017-12-29 10:49:28.126+0000 INFO [o.n.k.i.DiagnosticsManager] Free Physical memory: 694.36 MB
2017-12-29 10:49:28.126+0000 INFO [o.n.k.i.DiagnosticsManager] Committed virtual memory: 4.41 GB
2017-12-29 10:49:28.126+0000 INFO [o.n.k.i.DiagnosticsManager] Total swap space: 0.00 B
2017-12-29 10:49:28.127+0000 INFO [o.n.k.i.DiagnosticsManager] Free swap space: 0.00 B
2017-12-29 10:49:28.127+0000 INFO [o.n.k.i.DiagnosticsManager] JVM memory information:
2017-12-29 10:49:28.127+0000 INFO [o.n.k.i.DiagnosticsManager] Free  memory: 109.44 MB
2017-12-29 10:49:28.127+0000 INFO [o.n.k.i.DiagnosticsManager] Total memory: 119.00 MB
2017-12-29 10:49:28.127+0000 INFO [o.n.k.i.DiagnosticsManager] Max   memory: 1.72 GB
2017-12-29 10:49:28.130+0000 INFO [o.n.k.i.DiagnosticsManager] Garbage Collector: PS Scavenge: [PS Eden Space, PS Survivor Space]
2017-12-29 10:49:28.130+0000 INFO [o.n.k.i.DiagnosticsManager] Garbage Collector: PS MarkSweep: [PS Eden Space, PS Survivor Space, PS Old Gen]
2017-12-29 10:49:28.131+0000 INFO [o.n.k.i.DiagnosticsManager] Memory Pool: Code Cache (Non-heap memory): committed=4.50 MB, used=4.45 MB, max=240.00 MB, threshold=0.00 B
2017-12-29 10:49:28.132+0000 INFO [o.n.k.i.DiagnosticsManager] Memory Pool: Metaspace (Non-heap memory): committed=13.13 MB, used=12.32 MB, max=-1.00 B, threshold=0.00 B
2017-12-29 10:49:28.132+0000 INFO [o.n.k.i.DiagnosticsManager] Memory Pool: Compressed Class Space (Non-heap memory): committed=1.88 MB, used=1.63 MB, max=1.00 GB, threshold=0.00 B
2017-12-29 10:49:28.132+0000 INFO [o.n.k.i.DiagnosticsManager] Memory Pool: PS Eden Space (Heap memory): committed=31.00 MB, used=2.67 MB, max=650.50 MB, threshold=?
2017-12-29 10:49:28.133+0000 INFO [o.n.k.i.DiagnosticsManager] Memory Pool: PS Survivor Space (Heap memory): committed=5.00 MB, used=4.98 MB, max=5.00 MB, threshold=?
2017-12-29 10:49:28.133+0000 INFO [o.n.k.i.DiagnosticsManager] Memory Pool: PS Old Gen (Heap memory): committed=83.00 MB, used=2.53 MB, max=1.29 GB, threshold=0.00 B
2017-12-29 10:49:28.133+0000 INFO [o.n.k.i.DiagnosticsManager] Operating system information:
2017-12-29 10:49:28.134+0000 INFO [o.n.k.i.DiagnosticsManager] Operating System: Linux; version: 4.4.0-98-generic; arch: amd64; cpus: 4
2017-12-29 10:49:28.134+0000 INFO [o.n.k.i.DiagnosticsManager] Max number of file descriptors: 1048576
2017-12-29 10:49:28.135+0000 INFO [o.n.k.i.DiagnosticsManager] Number of open file descriptors: 93
2017-12-29 10:49:28.136+0000 INFO [o.n.k.i.DiagnosticsManager] Process id: 18662@abdellah-HP-EliteBook-8560w
2017-12-29 10:49:28.136+0000 INFO [o.n.k.i.DiagnosticsManager] Byte order: LITTLE_ENDIAN
2017-12-29 10:49:28.145+0000 INFO [o.n.k.i.DiagnosticsManager] Local timezone: Europe/Paris
2017-12-29 10:49:28.146+0000 INFO [o.n.k.i.DiagnosticsManager] JVM information:
2017-12-29 10:49:28.146+0000 INFO [o.n.k.i.DiagnosticsManager] VM Name: Java HotSpot(TM) 64-Bit Server VM
2017-12-29 10:49:28.146+0000 INFO [o.n.k.i.DiagnosticsManager] VM Vendor: Oracle Corporation
2017-12-29 10:49:28.146+0000 INFO [o.n.k.i.DiagnosticsManager] VM Version: 25.151-b12
2017-12-29 10:49:28.147+0000 INFO [o.n.k.i.DiagnosticsManager] JIT compiler: HotSpot 64-Bit Tiered Compilers
2017-12-29 10:49:28.147+0000 INFO [o.n.k.i.DiagnosticsManager] VM Arguments: [-javaagent:/home/abdellah/Documents/IDEs/idea-IU-171.3780.107/lib/idea_rt.jar=30276:/home/abdellah/Documents/IDEs/idea-IU-171.3780.107/bin, -Dfile.encoding=UTF-8]
2017-12-29 10:49:28.147+0000 INFO [o.n.k.i.DiagnosticsManager] Java classpath:
2017-12-29 10:49:28.153+0000 INFO [o.n.k.i.DiagnosticsManager]  [classpath + loader.0] file:/media/abdellah/data/java/maven/repository/org/neo4j/neo4j-cypher/3.3.1/neo4j-cypher-3.3.1.jar
2017-12-29 10:49:28.153+0000 INFO [o.n.k.i.DiagnosticsManager]  [classpath + loader.0] file:/media/abdellah/data/java/maven/repository/org/neo4j/neo4j-cypher-frontend-2.3/2.3.11/neo4j-cypher-frontend-2.3-2.3.11.jar
2017-12-29 10:49:28.154+0000 INFO [o.n.k.i.DiagnosticsManager]  [loader.1] file:/usr/lib/jvm/java-8-oracle/jre/lib/ext/jfxrt.jar
2017-12-29 10:49:28.154+0000 INFO [o.n.k.i.DiagnosticsManager]  [loader.1] file:/usr/lib/jvm/java-8-oracle/jre/lib/ext/zipfs.jar
2017-12-29 10:49:28.154+0000 INFO [o.n.k.i.DiagnosticsManager]  [classpath + loader.0] file:/media/abdellah/data/java/maven/repository/org/neo4j/neo4j-cypher-frontend-3.2/3.2.7/neo4j-cypher-frontend-3.2-3.2.7.jar
2017-12-29 10:49:28.154+0000 INFO [o.n.k.i.DiagnosticsManager]  [classpath + loader.0] file:/media/abdellah/data/java/maven/repository/org/neo4j/neo4j-primitive-collections/3.3.1/neo4j-primitive-collections-3.3.1.jar
2017-12-29 10:49:28.154+0000 INFO [o.n.k.i.DiagnosticsManager]  [classpath + loader.0] file:/media/abdellah/data/java/maven/repository/org/neo4j/neo4j-unsafe/3.3.1/neo4j-unsafe-3.3.1.jar
2017-12-29 10:49:28.154+0000 INFO [o.n.k.i.DiagnosticsManager]  [classpath + loader.0] file:/media/abdellah/data/java/maven/repository/io/netty/netty-all/4.1.17.Final/netty-all-4.1.17.Final.jar
2017-12-29 10:49:28.154+0000 INFO [o.n.k.i.DiagnosticsManager]  [classpath + loader.0] file:/media/abdellah/data/java/maven/repository/org/apache/lucene/lucene-codecs/5.5.0/lucene-codecs-5.5.0.jar
2017-12-29 10:49:28.154+0000 INFO [o.n.k.i.DiagnosticsManager]  [loader.1] file:/usr/lib/jvm/java-8-oracle/jre/lib/ext/jaccess.jar
2017-12-29 10:49:28.154+0000 INFO [o.n.k.i.DiagnosticsManager]  [classpath + loader.0] file:/media/abdellah/data/java/maven/repository/org/apache/lucene/lucene-analyzers-common/5.5.0/lucene-analyzers-common-5.5.0.jar
2017-12-29 10:49:28.154+0000 INFO [o.n.k.i.DiagnosticsManager]  [classpath + loader.0] file:/media/abdellah/data/java/maven/repository/org/apache/commons/commons-compress/1.12/commons-compress-1.12.jar
2017-12-29 10:49:28.155+0000 INFO [o.n.k.i.DiagnosticsManager]  [classpath + loader.0] file:/media/abdellah/data/java/maven/repository/org/neo4j/neo4j-ssl/3.3.1/neo4j-ssl-3.3.1.jar
2017-12-29 10:49:28.155+0000 INFO [o.n.k.i.DiagnosticsManager]  [classpath + loader.0] file:/usr/lib/jvm/java-8-oracle/jre/lib/deploy.jar
2017-12-29 10:49:28.155+0000 INFO [o.n.k.i.DiagnosticsManager]  [classpath + loader.0] file:/media/abdellah/data/java/maven/repository/org/neo4j/neo4j-values/3.3.1/neo4j-values-3.3.1.jar
2017-12-29 10:49:28.155+0000 INFO [o.n.k.i.DiagnosticsManager]  [classpath + loader.0] file:/media/abdellah/data/java/maven/repository/org/neo4j/neo4j-collections/3.3.1/neo4j-collections-3.3.1.jar
2017-12-29 10:49:28.155+0000 INFO [o.n.k.i.DiagnosticsManager]  [bootstrap + classpath + loader.0] file:/usr/lib/jvm/java-8-oracle/jre/lib/rt.jar
2017-12-29 10:49:28.155+0000 INFO [o.n.k.i.DiagnosticsManager]  [classpath + loader.0] file:/media/abdellah/data/java/maven/repository/org/neo4j/neo4j-cypher-compiler-2.3/2.3.11/neo4j-cypher-compiler-2.3-2.3.11.jar
2017-12-29 10:49:28.155+0000 INFO [o.n.k.i.DiagnosticsManager]  [loader.1] file:/usr/lib/jvm/java-8-oracle/jre/lib/ext/sunpkcs11.jar
2017-12-29 10:49:28.156+0000 INFO [o.n.k.i.DiagnosticsManager]  [classpath + loader.0] file:/usr/lib/jvm/java-8-oracle/jre/lib/management-agent.jar
2017-12-29 10:49:28.156+0000 INFO [o.n.k.i.DiagnosticsManager]  [classpath + loader.0] file:/media/abdellah/data/java/maven/repository/org/apache/lucene/lucene-queryparser/5.5.0/lucene-queryparser-5.5.0.jar
2017-12-29 10:49:28.156+0000 INFO [o.n.k.i.DiagnosticsManager]  [classpath + loader.0] file:/media/abdellah/data/java/maven/repository/org/neo4j/neo4j-jmx/3.3.1/neo4j-jmx-3.3.1.jar
2017-12-29 10:49:28.156+0000 INFO [o.n.k.i.DiagnosticsManager]  [classpath + loader.0] file:/media/abdellah/data/java/maven/repository/org/ow2/asm/asm-tree/5.2/asm-tree-5.2.jar
2017-12-29 10:49:28.156+0000 INFO [o.n.k.i.DiagnosticsManager]  [bootstrap + classpath + loader.0] file:/usr/lib/jvm/java-8-oracle/jre/lib/jce.jar
2017-12-29 10:49:28.156+0000 INFO [o.n.k.i.DiagnosticsManager]  [classpath + loader.0] file:/media/abdellah/data/java/maven/repository/org/neo4j/driver/neo4j-java-driver/1.4.4/neo4j-java-driver-1.4.4.jar
2017-12-29 10:49:28.156+0000 INFO [o.n.k.i.DiagnosticsManager]  [classpath + loader.0] file:/media/abdellah/data/java/maven/repository/org/neo4j/neo4j-graph-matching/3.1.6/neo4j-graph-matching-3.1.6.jar
2017-12-29 10:49:28.156+0000 INFO [o.n.k.i.DiagnosticsManager]  [classpath + loader.0] file:/media/abdellah/data/java/maven/repository/org/apache/lucene/lucene-core/5.5.0/lucene-core-5.5.0.jar
2017-12-29 10:49:28.156+0000 INFO [o.n.k.i.DiagnosticsManager]  [classpath + loader.0] file:/usr/lib/jvm/java-8-oracle/jre/lib/plugin.jar
2017-12-29 10:49:28.157+0000 INFO [o.n.k.i.DiagnosticsManager]  [classpath + loader.0] file:/media/abdellah/data/java/maven/repository/org/neo4j/neo4j-cypher-logical-plans-3.3/3.3.1/neo4j-cypher-logical-plans-3.3-3.3.1.jar
2017-12-29 10:49:28.157+0000 INFO [o.n.k.i.DiagnosticsManager]  [classpath + loader.0] file:/media/abdellah/data/java/maven/repository/org/apache/commons/commons-text/1.1/commons-text-1.1.jar
2017-12-29 10:49:28.157+0000 INFO [o.n.k.i.DiagnosticsManager]  [classpath + loader.0] file:/media/abdellah/data/java/maven/repository/org/neo4j/neo4j-configuration/3.3.1/neo4j-configuration-3.3.1.jar
2017-12-29 10:49:28.157+0000 INFO [o.n.k.i.DiagnosticsManager]  [classpath + loader.0] file:/media/abdellah/data/java/maven/repository/org/neo4j/neo4j-cypher-compiler-3.2/3.2.7/neo4j-cypher-compiler-3.2-3.2.7.jar
2017-12-29 10:49:28.157+0000 INFO [o.n.k.i.DiagnosticsManager]  [loader.1] file:/usr/lib/jvm/java-8-oracle/jre/lib/ext/cldrdata.jar
2017-12-29 10:49:28.157+0000 INFO [o.n.k.i.DiagnosticsManager]  [classpath + loader.0] file:/media/abdellah/data/java/maven/repository/org/neo4j/neo4j-lucene-upgrade/3.3.1/neo4j-lucene-upgrade-3.3.1.jar
2017-12-29 10:49:28.157+0000 INFO [o.n.k.i.DiagnosticsManager]  [classpath + loader.0] file:/media/abdellah/data/java/maven/repository/net/sf/opencsv/opencsv/2.3/opencsv-2.3.jar
2017-12-29 10:49:28.157+0000 INFO [o.n.k.i.DiagnosticsManager]  [bootstrap + classpath + loader.0] file:/usr/lib/jvm/java-8-oracle/jre/lib/resources.jar
2017-12-29 10:49:28.158+0000 INFO [o.n.k.i.DiagnosticsManager]  [classpath + loader.0] file:/media/abdellah/data/java/maven/repository/org/bouncycastle/bcpkix-jdk15on/1.53/bcpkix-jdk15on-1.53.jar
2017-12-29 10:49:28.158+0000 INFO [o.n.k.i.DiagnosticsManager]  [classpath + loader.0] file:/usr/lib/jvm/java-8-oracle/jre/lib/jfxswt.jar
2017-12-29 10:49:28.158+0000 INFO [o.n.k.i.DiagnosticsManager]  [loader.1] file:/usr/lib/jvm/java-8-oracle/jre/lib/ext/sunec.jar
2017-12-29 10:49:28.158+0000 INFO [o.n.k.i.DiagnosticsManager]  [classpath + loader.0] file:/media/abdellah/data/java/maven/repository/org/neo4j/neo4j/3.3.1/neo4j-3.3.1.jar
2017-12-29 10:49:28.158+0000 INFO [o.n.k.i.DiagnosticsManager]  [classpath + loader.0] file:/media/abdellah/data/java/maven/repository/org/neo4j/neo4j-resource/3.3.1/neo4j-resource-3.3.1.jar
2017-12-29 10:49:28.158+0000 INFO [o.n.k.i.DiagnosticsManager]  [classpath + loader.0] file:/media/abdellah/data/java/maven/repository/org/apache/lucene/lucene-backward-codecs/5.5.0/lucene-backward-codecs-5.5.0.jar
2017-12-29 10:49:28.159+0000 INFO [o.n.k.i.DiagnosticsManager]  [classpath + loader.0] file:/media/abdellah/data/java/maven/repository/org/ow2/asm/asm-util/5.2/asm-util-5.2.jar
2017-12-29 10:49:28.159+0000 INFO [o.n.k.i.DiagnosticsManager]  [classpath + loader.0] file:/media/abdellah/data/java/maven/repository/org/apache/commons/commons-lang3/3.5/commons-lang3-3.5.jar
2017-12-29 10:49:28.159+0000 INFO [o.n.k.i.DiagnosticsManager]  [classpath + loader.0] file:/media/abdellah/data/java/maven/repository/org/neo4j/neo4j-io/3.3.1/neo4j-io-3.3.1.jar
2017-12-29 10:49:28.159+0000 INFO [o.n.k.i.DiagnosticsManager]  [loader.1] file:/usr/lib/jvm/java-8-oracle/jre/lib/ext/sunjce_provider.jar
2017-12-29 10:49:28.159+0000 INFO [o.n.k.i.DiagnosticsManager]  [classpath + loader.0] file:/media/abdellah/data/java/maven/repository/org/ow2/asm/asm/5.2/asm-5.2.jar
2017-12-29 10:49:28.159+0000 INFO [o.n.k.i.DiagnosticsManager]  [classpath + loader.0] file:/media/abdellah/data/java/maven/repository/org/neo4j/neo4j-graph-algo/3.3.1/neo4j-graph-algo-3.3.1.jar
2017-12-29 10:49:28.159+0000 INFO [o.n.k.i.DiagnosticsManager]  [classpath + loader.0] file:/media/abdellah/data/java/maven/repository/org/neo4j/neo4j-index/3.3.1/neo4j-index-3.3.1.jar
2017-12-29 10:49:28.159+0000 INFO [o.n.k.i.DiagnosticsManager]  [bootstrap] /usr/lib/jvm/java-8-oracle/jre/classes
2017-12-29 10:49:28.159+0000 INFO [o.n.k.i.DiagnosticsManager]  [classpath + loader.0] file:/media/abdellah/data/java/maven/repository/org/neo4j/neo4j-codegen/3.3.1/neo4j-codegen-3.3.1.jar
2017-12-29 10:49:28.159+0000 INFO [o.n.k.i.DiagnosticsManager]  [classpath + loader.0] file:/media/abdellah/data/java/maven/repository/org/neo4j/neo4j-import-tool/3.3.1/neo4j-import-tool-3.3.1.jar
2017-12-29 10:49:28.160+0000 INFO [o.n.k.i.DiagnosticsManager]  [classpath + loader.0] file:/media/abdellah/data/java/maven/repository/org/parboiled/parboiled-scala_2.11/1.1.7/parboiled-scala_2.11-1.1.7.jar
2017-12-29 10:49:28.160+0000 INFO [o.n.k.i.DiagnosticsManager]  [classpath + loader.0] file:/media/abdellah/data/java/maven/repository/org/neo4j/neo4j-common/3.3.1/neo4j-common-3.3.1.jar
2017-12-29 10:49:28.160+0000 INFO [o.n.k.i.DiagnosticsManager]  [classpath + loader.0] file:/media/abdellah/data/java/maven/repository/org/neo4j/neo4j-lucene-index/3.3.1/neo4j-lucene-index-3.3.1.jar
2017-12-29 10:49:28.160+0000 INFO [o.n.k.i.DiagnosticsManager]  [classpath + loader.0] file:/media/abdellah/data/java/maven/repository/org/neo4j/neo4j-cypher-ir-3.3/3.3.1/neo4j-cypher-ir-3.3-3.3.1.jar
2017-12-29 10:49:28.160+0000 INFO [o.n.k.i.DiagnosticsManager]  [classpath + loader.0] file:/media/abdellah/data/java/maven/repository/com/googlecode/concurrentlinkedhashmap/concurrentlinkedhashmap-lru/1.4.2/concurrentlinkedhashmap-lru-1.4.2.jar
2017-12-29 10:49:28.160+0000 INFO [o.n.k.i.DiagnosticsManager]  [classpath + loader.0] file:/media/abdellah/data/java/maven/repository/org/neo4j/neo4j-cypher-ir-3.2/3.2.7/neo4j-cypher-ir-3.2-3.2.7.jar
2017-12-29 10:49:28.160+0000 INFO [o.n.k.i.DiagnosticsManager]  [classpath + loader.0] file:/home/abdellah/Documents/IDEs/idea-IU-171.3780.107/lib/idea_rt.jar
2017-12-29 10:49:28.160+0000 INFO [o.n.k.i.DiagnosticsManager]  [classpath + loader.0] file:/media/abdellah/data/java/maven/repository/org/scala-lang/scala-reflect/2.11.11/scala-reflect-2.11.11.jar
2017-12-29 10:49:28.160+0000 INFO [o.n.k.i.DiagnosticsManager]  [classpath + loader.0] file:/media/abdellah/data/java/maven/repository/org/neo4j/neo4j-csv/3.3.1/neo4j-csv-3.3.1.jar
2017-12-29 10:49:28.160+0000 INFO [o.n.k.i.DiagnosticsManager]  [bootstrap + classpath + loader.0] file:/usr/lib/jvm/java-8-oracle/jre/lib/charsets.jar
2017-12-29 10:49:28.161+0000 INFO [o.n.k.i.DiagnosticsManager]  [classpath + loader.0] file:/media/abdellah/data/java/maven/repository/org/bouncycastle/bcprov-jdk15on/1.53/bcprov-jdk15on-1.53.jar
2017-12-29 10:49:28.161+0000 INFO [o.n.k.i.DiagnosticsManager]  [classpath + loader.0] file:/media/abdellah/data/java/maven/repository/org/neo4j/neo4j-cypher-compiler-3.3/3.3.1/neo4j-cypher-compiler-3.3-3.3.1.jar
2017-12-29 10:49:28.161+0000 INFO [o.n.k.i.DiagnosticsManager]  [loader.1] file:/usr/lib/jvm/java-8-oracle/jre/lib/ext/nashorn.jar
2017-12-29 10:49:28.161+0000 INFO [o.n.k.i.DiagnosticsManager]  [classpath + loader.0] file:/media/abdellah/data/java/maven/repository/org/scala-lang/scala-library/2.11.11/scala-library-2.11.11.jar
2017-12-29 10:49:28.161+0000 INFO [o.n.k.i.DiagnosticsManager]  [loader.1] file:/usr/lib/jvm/java-8-oracle/jre/lib/ext/dnsns.jar
2017-12-29 10:49:28.161+0000 INFO [o.n.k.i.DiagnosticsManager]  [classpath + loader.0] file:/media/abdellah/data/java/maven/repository/org/ow2/asm/asm-analysis/5.2/asm-analysis-5.2.jar
2017-12-29 10:49:28.161+0000 INFO [o.n.k.i.DiagnosticsManager]  [classpath + loader.0] file:/media/abdellah/data/java/maven/repository/org/neo4j/neo4j-cypher-frontend-3.3/3.3.1/neo4j-cypher-frontend-3.3-3.3.1.jar
2017-12-29 10:49:28.161+0000 INFO [o.n.k.i.DiagnosticsManager]  [classpath + loader.0] file:/home/abdellah/spring/oldnoe4j/target/classes/
2017-12-29 10:49:28.161+0000 INFO [o.n.k.i.DiagnosticsManager]  [classpath + loader.0] file:/media/abdellah/data/java/maven/repository/org/neo4j/neo4j-command-line/3.3.1/neo4j-command-line-3.3.1.jar
2017-12-29 10:49:28.162+0000 INFO [o.n.k.i.DiagnosticsManager]  [classpath + loader.0] file:/media/abdellah/data/java/maven/repository/org/neo4j/neo4j-graphdb-api/3.3.1/neo4j-graphdb-api-3.3.1.jar
2017-12-29 10:49:28.162+0000 INFO [o.n.k.i.DiagnosticsManager]  [classpath + loader.0] file:/usr/lib/jvm/java-8-oracle/jre/lib/javaws.jar
2017-12-29 10:49:28.162+0000 INFO [o.n.k.i.DiagnosticsManager]  [classpath + loader.0] file:/media/abdellah/data/java/maven/repository/org/neo4j/neo4j-dbms/3.3.1/neo4j-dbms-3.3.1.jar
2017-12-29 10:49:28.162+0000 INFO [o.n.k.i.DiagnosticsManager]  [bootstrap] /usr/lib/jvm/java-8-oracle/jre/lib/sunrsasign.jar
2017-12-29 10:49:28.162+0000 INFO [o.n.k.i.DiagnosticsManager]  [classpath + loader.0] file:/media/abdellah/data/java/maven/repository/org/neo4j/neo4j-logging/3.3.1/neo4j-logging-3.3.1.jar
2017-12-29 10:49:28.162+0000 INFO [o.n.k.i.DiagnosticsManager]  [bootstrap + classpath + loader.0] file:/usr/lib/jvm/java-8-oracle/jre/lib/jfr.jar
2017-12-29 10:49:28.162+0000 INFO [o.n.k.i.DiagnosticsManager]  [classpath + loader.0] file:/media/abdellah/data/java/maven/repository/org/neo4j/neo4j-cypher-compiler-3.1/3.1.6/neo4j-cypher-compiler-3.1-3.1.6.jar
2017-12-29 10:49:28.163+0000 INFO [o.n.k.i.DiagnosticsManager]  [classpath + loader.0] file:/media/abdellah/data/java/maven/repository/org/neo4j/neo4j-kernel/3.3.1/neo4j-kernel-3.3.1.jar
2017-12-29 10:49:28.163+0000 INFO [o.n.k.i.DiagnosticsManager]  [loader.1] file:/usr/lib/jvm/java-8-oracle/jre/lib/ext/localedata.jar
2017-12-29 10:49:28.163+0000 INFO [o.n.k.i.DiagnosticsManager]  [classpath + loader.0] file:/media/abdellah/data/java/maven/repository/org/neo4j/neo4j-cypher-frontend-3.1/3.1.6/neo4j-cypher-frontend-3.1-3.1.6.jar
2017-12-29 10:49:28.163+0000 INFO [o.n.k.i.DiagnosticsManager]  [classpath + loader.0] file:/media/abdellah/data/java/maven/repository/com/github/ben-manes/caffeine/caffeine/2.3.3/caffeine-2.3.3.jar
2017-12-29 10:49:28.163+0000 INFO [o.n.k.i.DiagnosticsManager]  [classpath + loader.0] file:/media/abdellah/data/java/maven/repository/org/parboiled/parboiled-core/1.1.7/parboiled-core-1.1.7.jar
2017-12-29 10:49:28.163+0000 INFO [o.n.k.i.DiagnosticsManager]  [classpath + loader.0] file:/media/abdellah/data/java/maven/repository/org/neo4j/neo4j-consistency-check/3.3.1/neo4j-consistency-check-3.3.1.jar
2017-12-29 10:49:28.163+0000 INFO [o.n.k.i.DiagnosticsManager]  [classpath + loader.0] file:/media/abdellah/data/java/maven/repository/org/neo4j/neo4j-udc/3.3.1/neo4j-udc-3.3.1.jar
2017-12-29 10:49:28.163+0000 INFO [o.n.k.i.DiagnosticsManager]  [bootstrap + classpath + loader.0] file:/usr/lib/jvm/java-8-oracle/jre/lib/jsse.jar
2017-12-29 10:49:28.163+0000 INFO [o.n.k.i.DiagnosticsManager] Library path:
2017-12-29 10:49:28.164+0000 INFO [o.n.k.i.DiagnosticsManager] /home/abdellah/Documents/IDEs/idea-IU-171.3780.107/bin
2017-12-29 10:49:28.164+0000 INFO [o.n.k.i.DiagnosticsManager] /home/abdellah/spring/oldnoe4j
2017-12-29 10:49:28.164+0000 INFO [o.n.k.i.DiagnosticsManager] /usr/java/packages/lib/amd64
2017-12-29 10:49:28.164+0000 INFO [o.n.k.i.DiagnosticsManager] /usr/lib64
2017-12-29 10:49:28.164+0000 INFO [o.n.k.i.DiagnosticsManager] /lib64
2017-12-29 10:49:28.164+0000 INFO [o.n.k.i.DiagnosticsManager] /lib
2017-12-29 10:49:28.164+0000 INFO [o.n.k.i.DiagnosticsManager] /usr/lib
2017-12-29 10:49:28.165+0000 INFO [o.n.k.i.DiagnosticsManager] System.properties:
2017-12-29 10:49:28.165+0000 INFO [o.n.k.i.DiagnosticsManager] sun.boot.library.path = /usr/lib/jvm/java-8-oracle/jre/lib/amd64
2017-12-29 10:49:28.165+0000 INFO [o.n.k.i.DiagnosticsManager] path.separator = :
2017-12-29 10:49:28.165+0000 INFO [o.n.k.i.DiagnosticsManager] file.encoding.pkg = sun.io
2017-12-29 10:49:28.165+0000 INFO [o.n.k.i.DiagnosticsManager] user.country = US
2017-12-29 10:49:28.166+0000 INFO [o.n.k.i.DiagnosticsManager] sun.java.launcher = SUN_STANDARD
2017-12-29 10:49:28.166+0000 INFO [o.n.k.i.DiagnosticsManager] sun.os.patch.level = unknown
2017-12-29 10:49:28.166+0000 INFO [o.n.k.i.DiagnosticsManager] user.dir = /home/abdellah/spring/oldnoe4j
2017-12-29 10:49:28.166+0000 INFO [o.n.k.i.DiagnosticsManager] sun.jnu.encoding = UTF-8
2017-12-29 10:49:28.166+0000 INFO [o.n.k.i.DiagnosticsManager] sun.management.compiler = HotSpot 64-Bit Tiered Compilers
2017-12-29 10:49:28.166+0000 INFO [o.n.k.i.DiagnosticsManager] user.home = /home/abdellah
2017-12-29 10:49:28.166+0000 INFO [o.n.k.i.DiagnosticsManager] user.timezone = Europe/Paris
2017-12-29 10:49:28.166+0000 INFO [o.n.k.i.DiagnosticsManager] file.encoding = UTF-8
2017-12-29 10:49:28.166+0000 INFO [o.n.k.i.DiagnosticsManager] user.name = abdellah
2017-12-29 10:49:28.166+0000 INFO [o.n.k.i.DiagnosticsManager] sun.java.command = fr.insa.App
2017-12-29 10:49:28.167+0000 INFO [o.n.k.i.DiagnosticsManager] sun.arch.data.model = 64
2017-12-29 10:49:28.167+0000 INFO [o.n.k.i.DiagnosticsManager] user.language = en
2017-12-29 10:49:28.167+0000 INFO [o.n.k.i.DiagnosticsManager] awt.toolkit = sun.awt.X11.XToolkit
2017-12-29 10:49:28.167+0000 INFO [o.n.k.i.DiagnosticsManager] file.separator = /
2017-12-29 10:49:28.167+0000 INFO [o.n.k.i.DiagnosticsManager] sun.io.unicode.encoding = UnicodeLittle
2017-12-29 10:49:28.167+0000 INFO [o.n.k.i.DiagnosticsManager] sun.cpu.endian = little
2017-12-29 10:49:28.167+0000 INFO [o.n.k.i.DiagnosticsManager] sun.desktop = gnome
2017-12-29 10:49:28.167+0000 INFO [o.n.k.i.DiagnosticsManager] sun.cpu.isalist = 
2017-12-29 10:49:28.167+0000 INFO [o.n.k.i.DiagnosticsManager] Linux scheduler information:
2017-12-29 10:49:28.174+0000 INFO [o.n.k.i.DiagnosticsManager] noop [deadline] cfq 
2017-12-29 10:49:28.174+0000 INFO [o.n.k.i.DiagnosticsManager] noop [deadline] cfq 
2017-12-29 10:49:28.175+0000 INFO [o.n.k.i.DiagnosticsManager] none
2017-12-29 10:49:28.175+0000 INFO [o.n.k.i.DiagnosticsManager] none
2017-12-29 10:49:28.175+0000 INFO [o.n.k.i.DiagnosticsManager] none
2017-12-29 10:49:28.175+0000 INFO [o.n.k.i.DiagnosticsManager] none
2017-12-29 10:49:28.176+0000 INFO [o.n.k.i.DiagnosticsManager] none
2017-12-29 10:49:28.176+0000 INFO [o.n.k.i.DiagnosticsManager] none
2017-12-29 10:49:28.176+0000 INFO [o.n.k.i.DiagnosticsManager] none
2017-12-29 10:49:28.177+0000 INFO [o.n.k.i.DiagnosticsManager] none
2017-12-29 10:49:28.177+0000 INFO [o.n.k.i.DiagnosticsManager] Network information:
2017-12-29 10:49:28.182+0000 INFO [o.n.k.i.DiagnosticsManager] Interface enp0s25:
2017-12-29 10:49:28.182+0000 INFO [o.n.k.i.DiagnosticsManager]     address: fe80:0:0:0:ed74:be00:dc60:9922%enp0s25
2017-12-29 10:49:28.183+0000 INFO [o.n.k.i.DiagnosticsManager]     address: 172.17.209.204
2017-12-29 10:49:28.183+0000 INFO [o.n.k.i.DiagnosticsManager] Interface lo:
2017-12-29 10:49:28.183+0000 INFO [o.n.k.i.DiagnosticsManager]     address: 0:0:0:0:0:0:0:1%lo
2017-12-29 10:49:28.183+0000 INFO [o.n.k.i.DiagnosticsManager]     address: 127.0.0.1
2017-12-29 10:49:28.183+0000 INFO [o.n.k.i.DiagnosticsManager] --- INITIALIZED diagnostics END ---
2017-12-29 10:49:28.389+0000 INFO [o.n.k.i.s.f.RecordFormatSelector] Selected format 'RecordFormat:StandardV3_2[v0.A.8]' for the new store
2017-12-29 10:49:29.672+0000 INFO [o.n.k.i.a.i.IndexingService] IndexingService.init: indexes not specifically mentioned above are null
2017-12-29 10:49:29.674+0000 INFO [o.n.k.i.i.l.NativeLabelScanStore] No scan store found, this might just be first use. Preparing to rebuild.
2017-12-29 10:49:29.758+0000 INFO [o.n.k.NeoStoreDataSource] Opened logical log [/home/abdellah/spring/oldnoe4j/target/neo4j-hello-db/neostore.transaction.db.0] version=0, lastTxId=1 (clean)
2017-12-29 10:49:29.759+0000 INFO [o.n.k.NeoStoreDataSource] No commits found after last check point (which is at <no log position given>)
2017-12-29 10:49:29.773+0000 WARN [o.n.k.i.s.MetaDataStore] Missing counts store, rebuilding it.
2017-12-29 10:49:29.873+0000 WARN [o.n.k.i.s.MetaDataStore] Counts store rebuild completed.
2017-12-29 10:49:29.901+0000 INFO [o.n.k.i.a.i.IndexingService] IndexingService.start: indexes not specifically mentioned above are null
2017-12-29 10:49:29.903+0000 INFO [o.n.k.i.i.l.NativeLabelScanStore] Rebuilding scan store, this may take a while
2017-12-29 10:49:29.963+0000 INFO [o.n.k.i.i.l.NativeLabelScanStore] Scan store rebuilt (roughly 0 nodes)
2017-12-29 10:49:29.972+0000 INFO [o.n.k.i.DatabaseHealth] Database health set to OK
2017-12-29 10:49:30.428+0000 INFO [o.n.k.AvailabilityGuard] Fulfilling of requirement makes database available: Database available
2017-12-29 10:49:30.428+0000 INFO [o.n.k.i.f.GraphDatabaseFacadeFactory] Database is now ready
2017-12-29 10:49:30.430+0000 INFO [o.n.k.i.DiagnosticsManager] --- STARTED diagnostics for KernelDiagnostics:Versions START ---
2017-12-29 10:49:30.430+0000 INFO [o.n.k.i.DiagnosticsManager] Graph Database: community single StoreId{creationTime=1514544569498, randomId=6430775721152882664, storeVersion=15813456178476550, upgradeTime=1514544569498, upgradeId=1}
2017-12-29 10:49:30.430+0000 INFO [o.n.k.i.DiagnosticsManager] Kernel version: 3.3.1,560ceeff2721de1959949e079fd9d13f85c73b31
2017-12-29 10:49:30.430+0000 INFO [o.n.k.i.DiagnosticsManager] --- STARTED diagnostics for KernelDiagnostics:Versions END ---
2017-12-29 10:49:30.432+0000 INFO [o.n.k.i.DiagnosticsManager] --- STARTED diagnostics for NEO_STORE_VERSIONS START ---
2017-12-29 10:49:30.433+0000 INFO [o.n.k.i.DiagnosticsManager] Store versions:
2017-12-29 10:49:30.433+0000 INFO [o.n.k.i.DiagnosticsManager] Store versions:
2017-12-29 10:49:30.433+0000 INFO [o.n.k.i.DiagnosticsManager]   ArrayPropertyStore v0.A.8
2017-12-29 10:49:30.433+0000 INFO [o.n.k.i.DiagnosticsManager]   NodeStore v0.A.8
2017-12-29 10:49:30.433+0000 INFO [o.n.k.i.DiagnosticsManager]   StringPropertyStore v0.A.8
2017-12-29 10:49:30.433+0000 INFO [o.n.k.i.DiagnosticsManager]   PropertyIndexStore v0.A.8
2017-12-29 10:49:30.433+0000 INFO [o.n.k.i.DiagnosticsManager]   StringPropertyStore v0.A.8
2017-12-29 10:49:30.434+0000 INFO [o.n.k.i.DiagnosticsManager]   ArrayPropertyStore v0.A.8
2017-12-29 10:49:30.434+0000 INFO [o.n.k.i.DiagnosticsManager]   PropertyStore v0.A.8
2017-12-29 10:49:30.434+0000 INFO [o.n.k.i.DiagnosticsManager]   RelationshipStore v0.A.8
2017-12-29 10:49:30.434+0000 INFO [o.n.k.i.DiagnosticsManager]   StringPropertyStore v0.A.8
2017-12-29 10:49:30.434+0000 INFO [o.n.k.i.DiagnosticsManager]   RelationshipTypeStore v0.A.8
2017-12-29 10:49:30.434+0000 INFO [o.n.k.i.DiagnosticsManager]   StringPropertyStore v0.A.8
2017-12-29 10:49:30.434+0000 INFO [o.n.k.i.DiagnosticsManager]   LabelTokenStore v0.A.8
2017-12-29 10:49:30.434+0000 INFO [o.n.k.i.DiagnosticsManager]   SchemaStore v0.A.8
2017-12-29 10:49:30.435+0000 INFO [o.n.k.i.DiagnosticsManager]   RelationshipGroupStore v0.A.8
2017-12-29 10:49:30.435+0000 INFO [o.n.k.i.DiagnosticsManager]   NeoStore v0.A.8
2017-12-29 10:49:30.435+0000 INFO [o.n.k.i.DiagnosticsManager] --- STARTED diagnostics for NEO_STORE_VERSIONS END ---
2017-12-29 10:49:30.435+0000 INFO [o.n.k.i.DiagnosticsManager] --- STARTED diagnostics for NEO_STORE_ID_USAGE START ---
2017-12-29 10:49:30.435+0000 INFO [o.n.k.i.DiagnosticsManager] Id usage:
2017-12-29 10:49:30.435+0000 INFO [o.n.k.i.DiagnosticsManager] Id usage:
2017-12-29 10:49:30.435+0000 INFO [o.n.k.i.DiagnosticsManager]   ArrayPropertyStore: used=1 high=0
2017-12-29 10:49:30.436+0000 INFO [o.n.k.i.DiagnosticsManager]   NodeStore: used=0 high=-1
2017-12-29 10:49:30.436+0000 INFO [o.n.k.i.DiagnosticsManager]   StringPropertyStore: used=1 high=0
2017-12-29 10:49:30.436+0000 INFO [o.n.k.i.DiagnosticsManager]   PropertyIndexStore: used=0 high=-1
2017-12-29 10:49:30.436+0000 INFO [o.n.k.i.DiagnosticsManager]   StringPropertyStore: used=1 high=0
2017-12-29 10:49:30.436+0000 INFO [o.n.k.i.DiagnosticsManager]   ArrayPropertyStore: used=1 high=0
2017-12-29 10:49:30.436+0000 INFO [o.n.k.i.DiagnosticsManager]   PropertyStore: used=0 high=-1
2017-12-29 10:49:30.436+0000 INFO [o.n.k.i.DiagnosticsManager]   RelationshipStore: used=0 high=-1
2017-12-29 10:49:30.437+0000 INFO [o.n.k.i.DiagnosticsManager]   StringPropertyStore: used=1 high=0
2017-12-29 10:49:30.437+0000 INFO [o.n.k.i.DiagnosticsManager]   RelationshipTypeStore: used=0 high=-1
2017-12-29 10:49:30.437+0000 INFO [o.n.k.i.DiagnosticsManager]   StringPropertyStore: used=1 high=0
2017-12-29 10:49:30.437+0000 INFO [o.n.k.i.DiagnosticsManager]   LabelTokenStore: used=0 high=-1
2017-12-29 10:49:30.437+0000 INFO [o.n.k.i.DiagnosticsManager]   SchemaStore: used=1 high=0
2017-12-29 10:49:30.437+0000 INFO [o.n.k.i.DiagnosticsManager]   RelationshipGroupStore: used=1 high=0
2017-12-29 10:49:30.437+0000 INFO [o.n.k.i.DiagnosticsManager]   NeoStore: used=15 high=14
2017-12-29 10:49:30.438+0000 INFO [o.n.k.i.DiagnosticsManager] --- STARTED diagnostics for NEO_STORE_ID_USAGE END ---
2017-12-29 10:49:30.438+0000 INFO [o.n.k.i.DiagnosticsManager] --- STARTED diagnostics for NEO_STORE_RECORDS START ---
2017-12-29 10:49:30.438+0000 INFO [o.n.k.i.DiagnosticsManager] Neostore records:
2017-12-29 10:49:30.439+0000 INFO [o.n.k.i.DiagnosticsManager] TIME (Creation time): 1514544569498
2017-12-29 10:49:30.439+0000 INFO [o.n.k.i.DiagnosticsManager] RANDOM_NUMBER (Random number for store id): 6430775721152882664
2017-12-29 10:49:30.439+0000 INFO [o.n.k.i.DiagnosticsManager] LOG_VERSION (Current log version): 0
2017-12-29 10:49:30.439+0000 INFO [o.n.k.i.DiagnosticsManager] LAST_TRANSACTION_ID (Last committed transaction): 1
2017-12-29 10:49:30.439+0000 INFO [o.n.k.i.DiagnosticsManager] STORE_VERSION (Store format version): 15813456178476550
2017-12-29 10:49:30.439+0000 INFO [o.n.k.i.DiagnosticsManager] FIRST_GRAPH_PROPERTY (First property record containing graph properties): -1
2017-12-29 10:49:30.440+0000 INFO [o.n.k.i.DiagnosticsManager] LAST_CONSTRAINT_TRANSACTION (Last committed transaction containing constraint changes): 0
2017-12-29 10:49:30.440+0000 INFO [o.n.k.i.DiagnosticsManager] UPGRADE_TRANSACTION_ID (Transaction id most recent upgrade was performed at): 1
2017-12-29 10:49:30.440+0000 INFO [o.n.k.i.DiagnosticsManager] UPGRADE_TIME (Time of last upgrade): 1514544569498
2017-12-29 10:49:30.440+0000 INFO [o.n.k.i.DiagnosticsManager] LAST_TRANSACTION_CHECKSUM (Checksum of last committed transaction): 0
2017-12-29 10:49:30.440+0000 INFO [o.n.k.i.DiagnosticsManager] UPGRADE_TRANSACTION_CHECKSUM (Checksum of transaction id the most recent upgrade was performed at): 0
2017-12-29 10:49:30.440+0000 INFO [o.n.k.i.DiagnosticsManager] LAST_CLOSED_TRANSACTION_LOG_VERSION (Log version where the last transaction commit entry has been written into): 0
2017-12-29 10:49:30.440+0000 INFO [o.n.k.i.DiagnosticsManager] LAST_CLOSED_TRANSACTION_LOG_BYTE_OFFSET (Byte offset in the log file where the last transaction commit entry has been written into): 16
2017-12-29 10:49:30.441+0000 INFO [o.n.k.i.DiagnosticsManager] LAST_TRANSACTION_COMMIT_TIMESTAMP (Commit time timestamp for last committed transaction): 0
2017-12-29 10:49:30.441+0000 INFO [o.n.k.i.DiagnosticsManager] UPGRADE_TRANSACTION_COMMIT_TIMESTAMP (Commit timestamp of transaction the most recent upgrade was performed at): 0
2017-12-29 10:49:30.441+0000 INFO [o.n.k.i.DiagnosticsManager] --- STARTED diagnostics for NEO_STORE_RECORDS END ---
2017-12-29 10:49:30.442+0000 INFO [o.n.k.i.DiagnosticsManager] --- STARTED diagnostics for TRANSACTION_RANGE START ---
2017-12-29 10:49:30.442+0000 INFO [o.n.k.i.DiagnosticsManager] Transaction log:
2017-12-29 10:49:30.443+0000 INFO [o.n.k.i.DiagnosticsManager] No transactions found in any log
2017-12-29 10:49:30.443+0000 INFO [o.n.k.i.DiagnosticsManager] --- STARTED diagnostics for TRANSACTION_RANGE END ---
2017-12-29 10:49:30.451+0000 INFO [o.n.k.i.DiagnosticsManager] --- STARTED diagnostics for KernelDiagnostics:StoreFiles START ---
2017-12-29 10:49:30.452+0000 INFO [o.n.k.i.DiagnosticsManager] Disk space on partition (Total / Free / Free %): 79131844608 / 10047934464 / 12
2017-12-29 10:49:30.452+0000 INFO [o.n.k.i.DiagnosticsManager] Storage files: (filename : modification date - size)
2017-12-29 10:49:30.453+0000 INFO [o.n.k.i.DiagnosticsManager]   index:
2017-12-29 10:49:30.454+0000 INFO [o.n.k.i.DiagnosticsManager]   - Total: 2017-12-29T11:49:29+0100 - 0.00 B
2017-12-29 10:49:30.454+0000 INFO [o.n.k.i.DiagnosticsManager]   logs:
2017-12-29 10:49:30.455+0000 INFO [o.n.k.i.DiagnosticsManager]     debug.log: 2017-12-29T11:49:30+0100 - 34.07 kB
2017-12-29 10:49:30.455+0000 INFO [o.n.k.i.DiagnosticsManager]   - Total: 2017-12-29T11:49:27+0100 - 34.07 kB
2017-12-29 10:49:30.455+0000 INFO [o.n.k.i.DiagnosticsManager]   neostore: 2017-12-29T11:49:29+0100 - 8.00 kB
2017-12-29 10:49:30.455+0000 INFO [o.n.k.i.DiagnosticsManager]   neostore.counts.db.a: 2017-12-29T11:49:29+0100 - 96.00 B
2017-12-29 10:49:30.459+0000 INFO [o.n.k.i.DiagnosticsManager]   neostore.id: 2017-12-29T11:49:29+0100 - 9.00 B
2017-12-29 10:49:30.459+0000 INFO [o.n.k.i.DiagnosticsManager]   neostore.labelscanstore.db: 2017-12-29T11:49:29+0100 - 40.00 kB
2017-12-29 10:49:30.459+0000 INFO [o.n.k.i.DiagnosticsManager]   neostore.labeltokenstore.db: 2017-12-29T11:49:29+0100 - 0.00 B
2017-12-29 10:49:30.460+0000 INFO [o.n.k.i.DiagnosticsManager]   neostore.labeltokenstore.db.id: 2017-12-29T11:49:29+0100 - 9.00 B
2017-12-29 10:49:30.460+0000 INFO [o.n.k.i.DiagnosticsManager]   neostore.labeltokenstore.db.names: 2017-12-29T11:49:29+0100 - 8.00 kB
2017-12-29 10:49:30.460+0000 INFO [o.n.k.i.DiagnosticsManager]   neostore.labeltokenstore.db.names.id: 2017-12-29T11:49:29+0100 - 9.00 B
2017-12-29 10:49:30.460+0000 INFO [o.n.k.i.DiagnosticsManager]   neostore.nodestore.db: 2017-12-29T11:49:28+0100 - 0.00 B
2017-12-29 10:49:30.461+0000 INFO [o.n.k.i.DiagnosticsManager]   neostore.nodestore.db.id: 2017-12-29T11:49:28+0100 - 9.00 B
2017-12-29 10:49:30.461+0000 INFO [o.n.k.i.DiagnosticsManager]   neostore.nodestore.db.labels: 2017-12-29T11:49:28+0100 - 8.00 kB
2017-12-29 10:49:30.461+0000 INFO [o.n.k.i.DiagnosticsManager]   neostore.nodestore.db.labels.id: 2017-12-29T11:49:28+0100 - 9.00 B
2017-12-29 10:49:30.461+0000 INFO [o.n.k.i.DiagnosticsManager]   neostore.propertystore.db: 2017-12-29T11:49:28+0100 - 0.00 B
2017-12-29 10:49:30.462+0000 INFO [o.n.k.i.DiagnosticsManager]   neostore.propertystore.db.arrays: 2017-12-29T11:49:28+0100 - 8.00 kB
2017-12-29 10:49:30.462+0000 INFO [o.n.k.i.DiagnosticsManager]   neostore.propertystore.db.arrays.id: 2017-12-29T11:49:28+0100 - 9.00 B
2017-12-29 10:49:30.462+0000 INFO [o.n.k.i.DiagnosticsManager]   neostore.propertystore.db.id: 2017-12-29T11:49:28+0100 - 9.00 B
2017-12-29 10:49:30.462+0000 INFO [o.n.k.i.DiagnosticsManager]   neostore.propertystore.db.index: 2017-12-29T11:49:28+0100 - 0.00 B
2017-12-29 10:49:30.463+0000 INFO [o.n.k.i.DiagnosticsManager]   neostore.propertystore.db.index.id: 2017-12-29T11:49:28+0100 - 9.00 B
2017-12-29 10:49:30.463+0000 INFO [o.n.k.i.DiagnosticsManager]   neostore.propertystore.db.index.keys: 2017-12-29T11:49:28+0100 - 8.00 kB
2017-12-29 10:49:30.463+0000 INFO [o.n.k.i.DiagnosticsManager]   neostore.propertystore.db.index.keys.id: 2017-12-29T11:49:28+0100 - 9.00 B
2017-12-29 10:49:30.463+0000 INFO [o.n.k.i.DiagnosticsManager]   neostore.propertystore.db.strings: 2017-12-29T11:49:28+0100 - 8.00 kB
2017-12-29 10:49:30.464+0000 INFO [o.n.k.i.DiagnosticsManager]   neostore.propertystore.db.strings.id: 2017-12-29T11:49:28+0100 - 9.00 B
2017-12-29 10:49:30.464+0000 INFO [o.n.k.i.DiagnosticsManager]   neostore.relationshipgroupstore.db: 2017-12-29T11:49:29+0100 - 8.00 kB
2017-12-29 10:49:30.464+0000 INFO [o.n.k.i.DiagnosticsManager]   neostore.relationshipgroupstore.db.id: 2017-12-29T11:49:29+0100 - 9.00 B
2017-12-29 10:49:30.464+0000 INFO [o.n.k.i.DiagnosticsManager]   neostore.relationshipstore.db: 2017-12-29T11:49:28+0100 - 0.00 B
2017-12-29 10:49:30.465+0000 INFO [o.n.k.i.DiagnosticsManager]   neostore.relationshipstore.db.id: 2017-12-29T11:49:28+0100 - 9.00 B
2017-12-29 10:49:30.465+0000 INFO [o.n.k.i.DiagnosticsManager]   neostore.relationshiptypestore.db: 2017-12-29T11:49:29+0100 - 0.00 B
2017-12-29 10:49:30.465+0000 INFO [o.n.k.i.DiagnosticsManager]   neostore.relationshiptypestore.db.id: 2017-12-29T11:49:29+0100 - 9.00 B
2017-12-29 10:49:30.465+0000 INFO [o.n.k.i.DiagnosticsManager]   neostore.relationshiptypestore.db.names: 2017-12-29T11:49:29+0100 - 8.00 kB
2017-12-29 10:49:30.466+0000 INFO [o.n.k.i.DiagnosticsManager]   neostore.relationshiptypestore.db.names.id: 2017-12-29T11:49:29+0100 - 9.00 B
2017-12-29 10:49:30.466+0000 INFO [o.n.k.i.DiagnosticsManager]   neostore.schemastore.db: 2017-12-29T11:49:29+0100 - 8.00 kB
2017-12-29 10:49:30.466+0000 INFO [o.n.k.i.DiagnosticsManager]   neostore.schemastore.db.id: 2017-12-29T11:49:29+0100 - 9.00 B
2017-12-29 10:49:30.466+0000 INFO [o.n.k.i.DiagnosticsManager]   neostore.transaction.db.0: 2017-12-29T11:49:29+0100 - 16.00 B
2017-12-29 10:49:30.467+0000 INFO [o.n.k.i.DiagnosticsManager]   store_lock: 2017-12-29T11:49:28+0100 - 0.00 B
2017-12-29 10:49:30.467+0000 INFO [o.n.k.i.DiagnosticsManager] Storage summary: 
2017-12-29 10:49:30.467+0000 INFO [o.n.k.i.DiagnosticsManager]   Total size of store: 146.32 kB
2017-12-29 10:49:30.467+0000 INFO [o.n.k.i.DiagnosticsManager]   Total size of mapped files: 112.00 kB
2017-12-29 10:49:30.467+0000 INFO [o.n.k.i.DiagnosticsManager] --- STARTED diagnostics for KernelDiagnostics:StoreFiles END ---
2017-12-29 10:49:30.809+0000 INFO [o.n.k.i.f.GraphDatabaseFacadeFactory] Shutdown started
2017-12-29 10:49:30.809+0000 INFO [o.n.k.i.f.GraphDatabaseFacadeFactory] Database is now unavailable
2017-12-29 10:49:40.820+0000 INFO [o.n.k.i.t.l.c.CheckPointerImpl] Check Pointing triggered by database shutdown [5]:  Starting check pointing...
2017-12-29 10:49:40.820+0000 INFO [o.n.k.i.t.l.c.CheckPointerImpl] Check Pointing triggered by database shutdown [5]:  Starting store flush...
2017-12-29 10:49:40.851+0000 INFO [o.n.k.i.s.c.CountsTracker] About to rotate counts store at transaction 5 to [/home/abdellah/spring/oldnoe4j/target/neo4j-hello-db/neostore.counts.db.b], from [/home/abdellah/spring/oldnoe4j/target/neo4j-hello-db/neostore.counts.db.a].
2017-12-29 10:49:40.852+0000 INFO [o.n.k.i.s.c.CountsTracker] Successfully rotated counts store at transaction 5 to [/home/abdellah/spring/oldnoe4j/target/neo4j-hello-db/neostore.counts.db.b], from [/home/abdellah/spring/oldnoe4j/target/neo4j-hello-db/neostore.counts.db.a].
2017-12-29 10:49:41.056+0000 INFO [o.n.k.i.t.l.c.CheckPointerImpl] Check Pointing triggered by database shutdown [5]:  Store flush completed
2017-12-29 10:49:41.056+0000 INFO [o.n.k.i.t.l.c.CheckPointerImpl] Check Pointing triggered by database shutdown [5]:  Starting appending check point entry into the tx log...
2017-12-29 10:49:41.088+0000 INFO [o.n.k.i.t.l.c.CheckPointerImpl] Check Pointing triggered by database shutdown [5]:  Appending check point entry into the tx log completed
2017-12-29 10:49:41.088+0000 INFO [o.n.k.i.t.l.c.CheckPointerImpl] Check Pointing triggered by database shutdown [5]:  Check pointing completed
2017-12-29 10:49:41.089+0000 INFO [o.n.k.i.t.l.p.LogPruningImpl] Log Rotation [0]:  Starting log pruning.
2017-12-29 10:49:41.089+0000 INFO [o.n.k.i.t.l.p.LogPruningImpl] Log Rotation [0]:  Log pruning complete.
2017-12-29 10:49:41.240+0000 INFO [o.n.k.i.DiagnosticsManager] --- STOPPING diagnostics START ---
2017-12-29 10:49:41.240+0000 INFO [o.n.k.i.DiagnosticsManager] --- STOPPING diagnostics END ---
