#
# There is insufficient memory for the Java Runtime Environment to continue.
# Native memory allocation (mmap) failed to map 1526726656 bytes for committing reserved memory.
# Possible reasons:
#   The system is out of physical RAM or swap space
#   In 32 bit mode, the process size limit was hit
# Possible solutions:
#   Reduce memory load on the system
#   Increase physical memory or swap space
#   Check if swap backing store is full
#   Use 64 bit Java on a 64 bit OS
#   Decrease Java heap size (-Xmx/-Xms)
#   Decrease number of Java threads
#   Decrease Java thread stack sizes (-Xss)
#   Set larger code cache with -XX:ReservedCodeCacheSize=
# This output file may be truncated or incomplete.
#
#  Out of Memory Error (os_linux.cpp:2640), pid=29395, tid=0x00007f2121c60700
#
# JRE version: Java(TM) SE Runtime Environment (8.0_151-b12) (build 1.8.0_151-b12)
# Java VM: Java HotSpot(TM) 64-Bit Server VM (25.151-b12 mixed mode linux-amd64 compressed oops)
# Failed to write core dump. Core dumps have been disabled. To enable core dumping, try "ulimit -c unlimited" before starting Java again
#

---------------  T H R E A D  ---------------

Current thread (0x00007f214013e800):  VMThread [stack: 0x00007f2121b60000,0x00007f2121c61000] [id=29401]

Stack: [0x00007f2121b60000,0x00007f2121c61000],  sp=0x00007f2121c5f020,  free space=1020k
Native frames: (J=compiled Java code, j=interpreted, Vv=VM code, C=native code)
V  [libjvm.so+0xacb58a]  VMError::report_and_die()+0x2ba
V  [libjvm.so+0x4ff4ab]  report_vm_out_of_memory(char const*, int, unsigned long, VMErrorType, char const*)+0x8b
V  [libjvm.so+0x928113]  os::Linux::commit_memory_impl(char*, unsigned long, bool)+0x103
V  [libjvm.so+0x928669]  os::pd_commit_memory(char*, unsigned long, unsigned long, bool)+0x29
V  [libjvm.so+0x92288a]  os::commit_memory(char*, unsigned long, unsigned long, bool)+0x2a
V  [libjvm.so+0x9973e3]  PSVirtualSpace::expand_by(unsigned long)+0x53
V  [libjvm.so+0x987ca0]  PSOldGen::expand(unsigned long)+0x170
V  [libjvm.so+0x987eab]  PSOldGen::resize(unsigned long)+0x1cb
V  [libjvm.so+0x98fbb1]  PSParallelCompact::invoke_no_policy(bool)+0x991
V  [libjvm.so+0x99550d]  PSScavenge::invoke()+0x1ad
V  [libjvm.so+0x94c0d0]  ParallelScavengeHeap::failed_mem_allocate(unsigned long)+0x70
V  [libjvm.so+0xaccfa7]  VM_ParallelGCFailedAllocation::doit()+0x97
V  [libjvm.so+0xad4a85]  VM_Operation::evaluate()+0x55
V  [libjvm.so+0xad2e5a]  VMThread::evaluate_operation(VM_Operation*)+0xba
V  [libjvm.so+0xad31de]  VMThread::loop()+0x1ce
V  [libjvm.so+0xad3650]  VMThread::run()+0x70
V  [libjvm.so+0x92a728]  java_start(Thread*)+0x108

VM_Operation (0x00007f2147d2a1e0): ParallelGCFailedAllocation, mode: safepoint, requested by thread 0x00007f2140009800


---------------  P R O C E S S  ---------------

Java Threads: ( => current thread )
  0x00007f2140a68000 JavaThread "neo4j.PauseMonitor" daemon [_thread_blocked, id=29423, stack(0x00007f20e33ef000,0x00007f20e34f0000)]
  0x00007f21409b3800 JavaThread "neo4j.FileWatcher-1" daemon [_thread_blocked, id=29422, stack(0x00007f20e34f0000,0x00007f20e35f1000)]
  0x00007f214079a800 JavaThread "neo4j.Scheduled-2" daemon [_thread_blocked, id=29421, stack(0x00007f20e35f1000,0x00007f20e36f2000)]
  0x00007f214077a800 JavaThread "neo4j.Pooled-1" daemon [_thread_blocked, id=29414, stack(0x00007f20e36f2000,0x00007f20e37f3000)]
  0x00007f2140636800 JavaThread "MuninnPageCache[1]-EvictionTask" daemon [_thread_blocked, id=29412, stack(0x00007f20e3bf3000,0x00007f20e3cf4000)]
  0x00007f21405f2000 JavaThread "neo4j.Scheduled-1" daemon [_thread_blocked, id=29411, stack(0x00007f20e3cf4000,0x00007f20e3df5000)]
  0x00007f2140428800 JavaThread "Thread-0" daemon [_thread_in_native, id=29410, stack(0x00007f21204f1000,0x00007f21205f2000)]
  0x00007f214019a800 JavaThread "Service Thread" daemon [_thread_blocked, id=29408, stack(0x00007f212116c000,0x00007f212126d000)]
  0x00007f2140185800 JavaThread "C1 CompilerThread2" daemon [_thread_blocked, id=29407, stack(0x00007f212126d000,0x00007f212136e000)]
  0x00007f2140183800 JavaThread "C2 CompilerThread1" daemon [_thread_blocked, id=29406, stack(0x00007f212136e000,0x00007f212146f000)]
  0x00007f2140180800 JavaThread "C2 CompilerThread0" daemon [_thread_blocked, id=29405, stack(0x00007f212146f000,0x00007f2121570000)]
  0x00007f214017f800 JavaThread "Signal Dispatcher" daemon [_thread_blocked, id=29404, stack(0x00007f2121570000,0x00007f2121671000)]
  0x00007f214014b000 JavaThread "Finalizer" daemon [_thread_blocked, id=29403, stack(0x00007f212195e000,0x00007f2121a5f000)]
  0x00007f2140146800 JavaThread "Reference Handler" daemon [_thread_blocked, id=29402, stack(0x00007f2121a5f000,0x00007f2121b60000)]
  0x00007f2140009800 JavaThread "main" [_thread_blocked, id=29396, stack(0x00007f2147c2b000,0x00007f2147d2c000)]

Other Threads:
=>0x00007f214013e800 VMThread [stack: 0x00007f2121b60000,0x00007f2121c61000] [id=29401]
  0x00007f21401a5800 WatcherThread [stack: 0x00007f212106b000,0x00007f212116c000] [id=29409]

VM state:at safepoint (normal execution)

VM Mutex/Monitor currently owned by a thread:  ([mutex/lock_event])
[0x00007f21400057f0] ExpandHeap_lock - owner thread: 0x00007f214013e800
[0x00007f2140005e70] Threads_lock - owner thread: 0x00007f214013e800
[0x00007f2140006370] Heap_lock - owner thread: 0x00007f2140009800

Heap:
 PSYoungGen      total 1365504K, used 79467K [0x0000000743000000, 0x00000007c0000000, 0x00000007c0000000)
  eden space 683008K, 0% used [0x0000000743000000,0x0000000743000000,0x000000076cb00000)
  from space 682496K, 11% used [0x000000076cb00000,0x000000077189ad30,0x0000000796580000)
  to   space 682496K, 0% used [0x0000000796580000,0x0000000796580000,0x00000007c0000000)
 ParOldGen       total 2605056K, used 2604764K [0x0000000649000000, 0x00000006e8000000, 0x0000000743000000)
  object space 2605056K, 99% used [0x0000000649000000,0x00000006e7fb7380,0x00000006e8000000)
 Metaspace       used 25104K, capacity 26040K, committed 26288K, reserved 1071104K
  class space    used 4281K, capacity 4481K, committed 4528K, reserved 1048576K

Card table byte_map: [0x00007f2130447000,0x00007f2131000000] byte_map_base: 0x00007f212d1ff000

Marking Bits: (ParMarkBitMap*) 0x00007f2147112f80
 Begin Bits: [0x00007f2110480000, 0x00007f2116240000)
 End Bits:   [0x00007f2116240000, 0x00007f211c000000)

Polling page: 0x00007f2147d63000

CodeCache: size=245760Kb used=10690Kb max_used=10700Kb free=235069Kb
 bounds [0x00007f2131000000, 0x00007f2131a80000, 0x00007f2140000000]
 total_blobs=3433 nmethods=2885 adapters=461
 compilation: enabled

Compilation events (10 events):
Event: 59.120 Thread 0x00007f2140185800 2946  s    3       org.neo4j.kernel.impl.locking.community.RagManager::lockAcquired (82 bytes)
Event: 59.121 Thread 0x00007f2140185800 nmethod 2946 0x00007f21319b6990 code [0x00007f21319b6b80, 0x00007f21319b74f8]
Event: 59.136 Thread 0x00007f2140180800 2947  s    4       org.neo4j.kernel.impl.locking.community.RagManager::lockAcquired (82 bytes)
Event: 59.161 Thread 0x00007f2140180800 nmethod 2947 0x00007f2131a78690 code [0x00007f2131a788a0, 0x00007f2131a799e8]
Event: 59.313 Thread 0x00007f2140185800 2948       3       java.util.HashMap::resize (359 bytes)
Event: 59.314 Thread 0x00007f2140185800 nmethod 2948 0x00007f2131a71010 code [0x00007f2131a71260, 0x00007f2131a724a8]
Event: 59.316 Thread 0x00007f2140183800 2949 %     4       java.util.HashMap::resize @ 154 (359 bytes)
Event: 59.323 Thread 0x00007f2140183800 nmethod 2949% 0x00007f2131a70490 code [0x00007f2131a70620, 0x00007f2131a70bc8]
Event: 59.323 Thread 0x00007f2140180800 2950       4       java.util.HashMap::resize (359 bytes)
Event: 59.332 Thread 0x00007f2140180800 nmethod 2950 0x00007f2131a63690 code [0x00007f2131a63840, 0x00007f2131a63dc8]

GC Heap History (10 events):
Event: 35.629 GC heap after
Heap after GC invocations=10 (full 3):
 PSYoungGen      total 1693696K, used 154955K [0x0000000743000000, 0x00000007c0000000, 0x00000007c0000000)
  eden space 1339392K, 0% used [0x0000000743000000,0x0000000743000000,0x0000000794c00000)
  from space 354304K, 43% used [0x0000000794c00000,0x000000079e352f68,0x00000007aa600000)
  to   space 354304K, 0% used [0x00000007aa600000,0x00000007aa600000,0x00000007c0000000)
 ParOldGen       total 2605056K, used 1367605K [0x0000000649000000, 0x00000006e8000000, 0x0000000743000000)
  object space 2605056K, 52% used [0x0000000649000000,0x000000069c78d700,0x00000006e8000000)
 Metaspace       used 24952K, capacity 25800K, committed 26032K, reserved 1071104K
  class space    used 4269K, capacity 4471K, committed 4528K, reserved 1048576K
}
Event: 51.038 GC heap before
{Heap before GC invocations=11 (full 3):
 PSYoungGen      total 1693696K, used 1494347K [0x0000000743000000, 0x00000007c0000000, 0x00000007c0000000)
  eden space 1339392K, 100% used [0x0000000743000000,0x0000000794c00000,0x0000000794c00000)
  from space 354304K, 43% used [0x0000000794c00000,0x000000079e352f68,0x00000007aa600000)
  to   space 354304K, 0% used [0x00000007aa600000,0x00000007aa600000,0x00000007c0000000)
 ParOldGen       total 2605056K, used 1367605K [0x0000000649000000, 0x00000006e8000000, 0x0000000743000000)
  object space 2605056K, 52% used [0x0000000649000000,0x000000069c78d700,0x00000006e8000000)
 Metaspace       used 24960K, capacity 25864K, committed 26032K, reserved 1071104K
  class space    used 4269K, capacity 4471K, committed 4528K, reserved 1048576K
Event: 51.764 GC heap after
Heap after GC invocations=11 (full 3):
 PSYoungGen      total 1037312K, used 354288K [0x0000000743000000, 0x00000007c0000000, 0x00000007c0000000)
  eden space 683008K, 0% used [0x0000000743000000,0x0000000743000000,0x000000076cb00000)
  from space 354304K, 99% used [0x00000007aa600000,0x00000007bfffc020,0x00000007c0000000)
  to   space 682496K, 0% used [0x000000076cb00000,0x000000076cb00000,0x0000000796580000)
 ParOldGen       total 2605056K, used 1489829K [0x0000000649000000, 0x00000006e8000000, 0x0000000743000000)
  object space 2605056K, 57% used [0x0000000649000000,0x00000006a3ee9710,0x00000006e8000000)
 Metaspace       used 24960K, capacity 25864K, committed 26032K, reserved 1071104K
  class space    used 4269K, capacity 4471K, committed 4528K, reserved 1048576K
}
Event: 56.489 GC heap before
{Heap before GC invocations=12 (full 3):
 PSYoungGen      total 1037312K, used 1037296K [0x0000000743000000, 0x00000007c0000000, 0x00000007c0000000)
  eden space 683008K, 100% used [0x0000000743000000,0x000000076cb00000,0x000000076cb00000)
  from space 354304K, 99% used [0x00000007aa600000,0x00000007bfffc020,0x00000007c0000000)
  to   space 682496K, 0% used [0x000000076cb00000,0x000000076cb00000,0x0000000796580000)
 ParOldGen       total 2605056K, used 1489829K [0x0000000649000000, 0x00000006e8000000, 0x0000000743000000)
  object space 2605056K, 57% used [0x0000000649000000,0x00000006a3ee9710,0x00000006e8000000)
 Metaspace       used 25100K, capacity 26040K, committed 26288K, reserved 1071104K
  class space    used 4281K, capacity 4481K, committed 4528K, reserved 1048576K
Event: 56.956 GC heap after
Heap after GC invocations=12 (full 3):
 PSYoungGen      total 1365504K, used 608480K [0x0000000743000000, 0x00000007c0000000, 0x00000007c0000000)
  eden space 683008K, 0% used [0x0000000743000000,0x0000000743000000,0x000000076cb00000)
  from space 682496K, 89% used [0x000000076cb00000,0x0000000791d38070,0x0000000796580000)
  to   space 682496K, 0% used [0x0000000796580000,0x0000000796580000,0x00000007c0000000)
 ParOldGen       total 2605056K, used 1489885K [0x0000000649000000, 0x00000006e8000000, 0x0000000743000000)
  object space 2605056K, 57% used [0x0000000649000000,0x00000006a3ef7720,0x00000006e8000000)
 Metaspace       used 25100K, capacity 26040K, committed 26288K, reserved 1071104K
  class space    used 4281K, capacity 4481K, committed 4528K, reserved 1048576K
}
Event: 58.180 GC heap before
{Heap before GC invocations=13 (full 3):
 PSYoungGen      total 1365504K, used 1291488K [0x0000000743000000, 0x00000007c0000000, 0x00000007c0000000)
  eden space 683008K, 100% used [0x0000000743000000,0x000000076cb00000,0x000000076cb00000)
  from space 682496K, 89% used [0x000000076cb00000,0x0000000791d38070,0x0000000796580000)
  to   space 682496K, 0% used [0x0000000796580000,0x0000000796580000,0x00000007c0000000)
 ParOldGen       total 2605056K, used 1489885K [0x0000000649000000, 0x00000006e8000000, 0x0000000743000000)
  object space 2605056K, 57% used [0x0000000649000000,0x00000006a3ef7720,0x00000006e8000000)
 Metaspace       used 25101K, capacity 26040K, committed 26288K, reserved 1071104K
  class space    used 4281K, capacity 4481K, committed 4528K, reserved 1048576K
Event: 59.023 GC heap after
Heap after GC invocations=13 (full 3):
 PSYoungGen      total 1365504K, used 551712K [0x0000000743000000, 0x00000007c0000000, 0x00000007c0000000)
  eden space 683008K, 0% used [0x0000000743000000,0x0000000743000000,0x000000076cb00000)
  from space 682496K, 80% used [0x0000000796580000,0x00000007b8048060,0x00000007c0000000)
  to   space 682496K, 0% used [0x000000076cb00000,0x000000076cb00000,0x0000000796580000)
 ParOldGen       total 2605056K, used 1845213K [0x0000000649000000, 0x00000006e8000000, 0x0000000743000000)
  object space 2605056K, 70% used [0x0000000649000000,0x00000006b99f7730,0x00000006e8000000)
 Metaspace       used 25101K, capacity 26040K, committed 26288K, reserved 1071104K
  class space    used 4281K, capacity 4481K, committed 4528K, reserved 1048576K
}
Event: 60.183 GC heap before
{Heap before GC invocations=14 (full 3):
 PSYoungGen      total 1365504K, used 1234720K [0x0000000743000000, 0x00000007c0000000, 0x00000007c0000000)
  eden space 683008K, 100% used [0x0000000743000000,0x000000076cb00000,0x000000076cb00000)
  from space 682496K, 80% used [0x0000000796580000,0x00000007b8048060,0x00000007c0000000)
  to   space 682496K, 0% used [0x000000076cb00000,0x000000076cb00000,0x0000000796580000)
 ParOldGen       total 2605056K, used 1845213K [0x0000000649000000, 0x00000006e8000000, 0x0000000743000000)
  object space 2605056K, 70% used [0x0000000649000000,0x00000006b99f7730,0x00000006e8000000)
 Metaspace       used 25104K, capacity 26040K, committed 26288K, reserved 1071104K
  class space    used 4281K, capacity 4481K, committed 4528K, reserved 1048576K
Event: 60.997 GC heap after
Heap after GC invocations=14 (full 3):
 PSYoungGen      total 1365504K, used 327424K [0x0000000743000000, 0x00000007c0000000, 0x00000007c0000000)
  eden space 683008K, 0% used [0x0000000743000000,0x0000000743000000,0x000000076cb00000)
  from space 682496K, 47% used [0x000000076cb00000,0x0000000780ac0050,0x0000000796580000)
  to   space 682496K, 0% used [0x0000000796580000,0x0000000796580000,0x00000007c0000000)
 ParOldGen       total 2605056K, used 2370437K [0x0000000649000000, 0x00000006e8000000, 0x0000000743000000)
  object space 2605056K, 90% used [0x0000000649000000,0x00000006d9ae1740,0x00000006e8000000)
 Metaspace       used 25104K, capacity 26040K, committed 26288K, reserved 1071104K
  class space    used 4281K, capacity 4481K, committed 4528K, reserved 1048576K
}
Event: 60.997 GC heap before
{Heap before GC invocations=15 (full 4):
 PSYoungGen      total 1365504K, used 327424K [0x0000000743000000, 0x00000007c0000000, 0x00000007c0000000)
  eden space 683008K, 0% used [0x0000000743000000,0x0000000743000000,0x000000076cb00000)
  from space 682496K, 47% used [0x000000076cb00000,0x0000000780ac0050,0x0000000796580000)
  to   space 682496K, 0% used [0x0000000796580000,0x0000000796580000,0x00000007c0000000)
 ParOldGen       total 2605056K, used 2370437K [0x0000000649000000, 0x00000006e8000000, 0x0000000743000000)
  object space 2605056K, 90% used [0x0000000649000000,0x00000006d9ae1740,0x00000006e8000000)
 Metaspace       used 25104K, capacity 26040K, committed 26288K, reserved 1071104K
  class space    used 4281K, capacity 4481K, committed 4528K, reserved 1048576K

Deoptimization events (10 events):
Event: 55.186 Thread 0x00007f2140009800 Uncommon trap: reason=speculate_class_check action=maybe_recompile pc=0x00007f21317374c0 method=org.neo4j.collection.primitive.hopscotch.IntArrayBasedKeyTable.put(IJLjava/lang/Object;)V @ 13
Event: 55.186 Thread 0x00007f2140009800 Uncommon trap: reason=class_check action=maybe_recompile pc=0x00007f2131156760 method=org.neo4j.kernel.impl.transaction.state.RecordChanges.create(JLjava/lang/Object;)Lorg/neo4j/kernel/impl/transaction/state/RecordAccess$RecordProxy; @ 49
Event: 55.186 Thread 0x00007f2140009800 Uncommon trap: reason=class_check action=maybe_recompile pc=0x00007f2131156760 method=org.neo4j.kernel.impl.transaction.state.RecordChanges.create(JLjava/lang/Object;)Lorg/neo4j/kernel/impl/transaction/state/RecordAccess$RecordProxy; @ 49
Event: 55.219 Thread 0x00007f2140009800 Uncommon trap: reason=class_check action=maybe_recompile pc=0x00007f2131152db8 method=org.neo4j.kernel.impl.util.diffsets.SuperDiffSets.accept(Lorg/neo4j/storageengine/api/txstate/DiffSetsVisitor;)V @ 29
Event: 55.243 Thread 0x00007f2140009800 Uncommon trap: reason=class_check action=maybe_recompile pc=0x00007f2131152db8 method=org.neo4j.kernel.impl.util.diffsets.SuperDiffSets.accept(Lorg/neo4j/storageengine/api/txstate/DiffSetsVisitor;)V @ 29
Event: 55.246 Thread 0x00007f2140009800 Uncommon trap: reason=unstable_if action=reinterpret pc=0x00007f21319b57d0 method=org.neo4j.collection.primitive.hopscotch.HopScotchHashingAlgorithm.get(Lorg/neo4j/collection/primitive/hopscotch/Table;Lorg/neo4j/collection/primitive/hopscotch/HopScotchHas
Event: 55.252 Thread 0x00007f2140009800 Uncommon trap: reason=class_check action=maybe_recompile pc=0x00007f2131152db8 method=org.neo4j.kernel.impl.util.diffsets.SuperDiffSets.accept(Lorg/neo4j/storageengine/api/txstate/DiffSetsVisitor;)V @ 29
Event: 55.260 Thread 0x00007f2140009800 Uncommon trap: reason=class_check action=maybe_recompile pc=0x00007f2131152db8 method=org.neo4j.kernel.impl.util.diffsets.SuperDiffSets.accept(Lorg/neo4j/storageengine/api/txstate/DiffSetsVisitor;)V @ 29
Event: 59.120 Thread 0x00007f2140009800 Uncommon trap: reason=unstable_if action=reinterpret pc=0x00007f2131a5ff88 method=java.util.HashMap.putVal(ILjava/lang/Object;Ljava/lang/Object;ZZ)Ljava/lang/Object; @ 162
Event: 59.313 Thread 0x00007f2140009800 Uncommon trap: reason=unstable_if action=reinterpret pc=0x00007f213143ad20 method=java.util.HashMap.resize()[Ljava/util/HashMap$Node; @ 206

Internal exceptions (10 events):
Event: 21.209 Thread 0x00007f2140009800 Exception <a 'java/lang/ArrayIndexOutOfBoundsException'> (0x000000074d11a530) thrown at [/HUDSON/workspace/8-2-build-linux-amd64/jdk8u151/9699/hotspot/src/share/vm/runtime/sharedRuntime.cpp, line 605]
Event: 21.209 Thread 0x00007f2140009800 Exception <a 'java/lang/ArrayIndexOutOfBoundsException'> (0x000000074d11aa88) thrown at [/HUDSON/workspace/8-2-build-linux-amd64/jdk8u151/9699/hotspot/src/share/vm/runtime/sharedRuntime.cpp, line 605]
Event: 21.209 Thread 0x00007f2140009800 Exception <a 'java/lang/ArrayIndexOutOfBoundsException'> (0x000000074d11afe0) thrown at [/HUDSON/workspace/8-2-build-linux-amd64/jdk8u151/9699/hotspot/src/share/vm/runtime/sharedRuntime.cpp, line 605]
Event: 21.209 Thread 0x00007f2140009800 Exception <a 'java/lang/ArrayIndexOutOfBoundsException'> (0x000000074d11b538) thrown at [/HUDSON/workspace/8-2-build-linux-amd64/jdk8u151/9699/hotspot/src/share/vm/runtime/sharedRuntime.cpp, line 605]
Event: 21.209 Thread 0x00007f2140009800 Exception <a 'java/lang/ArrayIndexOutOfBoundsException'> (0x000000074d11ba90) thrown at [/HUDSON/workspace/8-2-build-linux-amd64/jdk8u151/9699/hotspot/src/share/vm/runtime/sharedRuntime.cpp, line 605]
Event: 21.209 Thread 0x00007f2140009800 Exception <a 'java/lang/ArrayIndexOutOfBoundsException'> (0x000000074d11bfe8) thrown at [/HUDSON/workspace/8-2-build-linux-amd64/jdk8u151/9699/hotspot/src/share/vm/runtime/sharedRuntime.cpp, line 605]
Event: 21.209 Thread 0x00007f2140009800 Exception <a 'java/lang/ArrayIndexOutOfBoundsException'> (0x000000074d11c540) thrown at [/HUDSON/workspace/8-2-build-linux-amd64/jdk8u151/9699/hotspot/src/share/vm/runtime/sharedRuntime.cpp, line 605]
Event: 21.751 Thread 0x00007f2140009800 Implicit null exception at 0x00007f21316e00c4 to 0x00007f21316e1195
Event: 21.757 Thread 0x00007f2140009800 Implicit null exception at 0x00007f213176413f to 0x00007f21317644ad
Event: 55.183 Thread 0x00007f2140009800 Implicit null exception at 0x00007f213115803f to 0x00007f2131158235

Events (10 events):
Event: 56.986 Thread 0x00007f2140009800 DEOPT UNPACKING pc=0x00007f2131047633 sp=0x00007f2147d29f58 mode 0
Event: 58.166 Executing VM operation: ParallelGCFailedAllocation
Event: 59.023 Executing VM operation: ParallelGCFailedAllocation done
Event: 59.120 Thread 0x00007f2140009800 Uncommon trap: trap_request=0xffffff65 fr.pc=0x00007f2131a5ff88
Event: 59.120 Thread 0x00007f2140009800 DEOPT PACKING pc=0x00007f2131a5ff88 sp=0x00007f2147d2a220
Event: 59.120 Thread 0x00007f2140009800 DEOPT UNPACKING pc=0x00007f2131005229 sp=0x00007f2147d2a0f0 mode 2
Event: 59.313 Thread 0x00007f2140009800 Uncommon trap: trap_request=0xffffff65 fr.pc=0x00007f213143ad20
Event: 59.313 Thread 0x00007f2140009800 DEOPT PACKING pc=0x00007f213143ad20 sp=0x00007f2147d2a1c0
Event: 59.313 Thread 0x00007f2140009800 DEOPT UNPACKING pc=0x00007f2131005229 sp=0x00007f2147d2a148 mode 2
Event: 60.164 Executing VM operation: ParallelGCFailedAllocation


Dynamic libraries:
00400000-00401000 r-xp 00000000 08:03 2656220                            /usr/lib/jvm/java-8-oracle/jre/bin/java
00600000-00601000 rw-p 00000000 08:03 2656220                            /usr/lib/jvm/java-8-oracle/jre/bin/java
01cf0000-01d11000 rw-p 00000000 00:00 0                                  [heap]
649000000-6e8000000 rw-p 00000000 00:00 0 
743000000-7c0000000 rw-p 00000000 00:00 0 
7c0000000-7c046c000 rw-p 00000000 00:00 0 
7c046c000-800000000 ---p 00000000 00:00 0 
7f20bc000000-7f20bd09f000 rw-p 00000000 00:00 0 
7f20bd09f000-7f20c0000000 ---p 00000000 00:00 0 
7f20c4000000-7f20c4021000 rw-p 00000000 00:00 0 
7f20c4021000-7f20c8000000 ---p 00000000 00:00 0 
7f20c8000000-7f20c8021000 rw-p 00000000 00:00 0 
7f20c8021000-7f20cc000000 ---p 00000000 00:00 0 
7f20cc000000-7f20cc021000 rw-p 00000000 00:00 0 
7f20cc021000-7f20d0000000 ---p 00000000 00:00 0 
7f20d0000000-7f20d0021000 rw-p 00000000 00:00 0 
7f20d0021000-7f20d4000000 ---p 00000000 00:00 0 
7f20d4000000-7f20d4021000 rw-p 00000000 00:00 0 
7f20d4021000-7f20d8000000 ---p 00000000 00:00 0 
7f20d8000000-7f20d8021000 rw-p 00000000 00:00 0 
7f20d8021000-7f20dc000000 ---p 00000000 00:00 0 
7f20dc000000-7f20dc021000 rw-p 00000000 00:00 0 
7f20dc021000-7f20e0000000 ---p 00000000 00:00 0 
7f20e2def000-7f20e2f2f000 rw-p 00000000 00:00 0 
7f20e2f2f000-7f20e2fef000 ---p 00000000 00:00 0 
7f20e2fef000-7f20e31ef000 rw-p 00000000 00:00 0 
7f20e31ef000-7f20e33ef000 rw-p 00000000 00:00 0 
7f20e33ef000-7f20e33f2000 ---p 00000000 00:00 0 
7f20e33f2000-7f20e34f0000 rw-p 00000000 00:00 0 
7f20e34f0000-7f20e34f3000 ---p 00000000 00:00 0 
7f20e34f3000-7f20e35f1000 rw-p 00000000 00:00 0 
7f20e35f1000-7f20e35f4000 ---p 00000000 00:00 0 
7f20e35f4000-7f20e36f2000 rw-p 00000000 00:00 0 
7f20e36f2000-7f20e36f5000 ---p 00000000 00:00 0 
7f20e36f5000-7f20e39f3000 rw-p 00000000 00:00 0 
7f20e39f3000-7f20e3bf3000 rw-p 00000000 00:00 0 
7f20e3bf3000-7f20e3bf6000 ---p 00000000 00:00 0 
7f20e3bf6000-7f20e3cf4000 rw-p 00000000 00:00 0 
7f20e3cf4000-7f20e3cf7000 ---p 00000000 00:00 0 
7f20e3cf7000-7f20e3df5000 rw-p 00000000 00:00 0 
7f20e3df5000-7f20e3dfe000 r-xp 00000000 08:03 2656467                    /usr/lib/jvm/java-8-oracle/jre/lib/amd64/libmanagement.so
7f20e3dfe000-7f20e3ffd000 ---p 00009000 08:03 2656467                    /usr/lib/jvm/java-8-oracle/jre/lib/amd64/libmanagement.so
7f20e3ffd000-7f20e3ffe000 rw-p 00008000 08:03 2656467                    /usr/lib/jvm/java-8-oracle/jre/lib/amd64/libmanagement.so
7f20e3ffe000-7f20ec000000 rw-p 00000000 00:00 0 
7f20ec000000-7f20ec021000 rw-p 00000000 00:00 0 
7f20ec021000-7f20f0000000 ---p 00000000 00:00 0 
7f20f0000000-7f20f0021000 rw-p 00000000 00:00 0 
7f20f0021000-7f20f4000000 ---p 00000000 00:00 0 
7f20f4000000-7f20f6468000 rw-p 00000000 00:00 0 
7f20f6468000-7f20f8000000 ---p 00000000 00:00 0 
7f20f8000000-7f20f88f4000 rw-p 00000000 00:00 0 
7f20f88f4000-7f20fc000000 ---p 00000000 00:00 0 
7f20fc000000-7f20fc021000 rw-p 00000000 00:00 0 
7f20fc021000-7f2100000000 ---p 00000000 00:00 0 
7f2100000000-7f2102716000 rw-p 00000000 00:00 0 
7f2102716000-7f2104000000 ---p 00000000 00:00 0 
7f2104000000-7f2104021000 rw-p 00000000 00:00 0 
7f2104021000-7f2108000000 ---p 00000000 00:00 0 
7f2108000000-7f2108021000 rw-p 00000000 00:00 0 
7f2108021000-7f210c000000 ---p 00000000 00:00 0 
7f210c000000-7f210c2a8000 rw-p 00000000 00:00 0 
7f210c2a8000-7f2110000000 ---p 00000000 00:00 0 
7f211006a000-7f211026a000 rw-p 00000000 00:00 0 
7f211026a000-7f2110280000 r-xp 00000000 08:03 3151033                    /lib/x86_64-linux-gnu/libgcc_s.so.1
7f2110280000-7f211047f000 ---p 00016000 08:03 3151033                    /lib/x86_64-linux-gnu/libgcc_s.so.1
7f211047f000-7f2110480000 rw-p 00015000 08:03 3151033                    /lib/x86_64-linux-gnu/libgcc_s.so.1
7f2110480000-7f211c000000 rw-p 00000000 00:00 0 
7f211c000000-7f211c1fb000 rw-p 00000000 00:00 0 
7f211c1fb000-7f2120000000 ---p 00000000 00:00 0 
7f21200aa000-7f21200dc000 r-xp 00000000 08:03 2656417                    /usr/lib/jvm/java-8-oracle/jre/lib/amd64/libsunec.so
7f21200dc000-7f21202db000 ---p 00032000 08:03 2656417                    /usr/lib/jvm/java-8-oracle/jre/lib/amd64/libsunec.so
7f21202db000-7f21202e1000 rw-p 00031000 08:03 2656417                    /usr/lib/jvm/java-8-oracle/jre/lib/amd64/libsunec.so
7f21202e1000-7f21204f1000 rw-p 00000000 00:00 0 
7f21204f1000-7f21204f4000 ---p 00000000 00:00 0 
7f21204f4000-7f21205f2000 rw-p 00000000 00:00 0 
7f21205f2000-7f2120609000 r-xp 00000000 08:03 2656459                    /usr/lib/jvm/java-8-oracle/jre/lib/amd64/libnet.so
7f2120609000-7f2120808000 ---p 00017000 08:03 2656459                    /usr/lib/jvm/java-8-oracle/jre/lib/amd64/libnet.so
7f2120808000-7f2120809000 rw-p 00016000 08:03 2656459                    /usr/lib/jvm/java-8-oracle/jre/lib/amd64/libnet.so
7f2120809000-7f212081a000 r-xp 00000000 08:03 2656462                    /usr/lib/jvm/java-8-oracle/jre/lib/amd64/libnio.so
7f212081a000-7f2120a19000 ---p 00011000 08:03 2656462                    /usr/lib/jvm/java-8-oracle/jre/lib/amd64/libnio.so
7f2120a19000-7f2120a1a000 rw-p 00010000 08:03 2656462                    /usr/lib/jvm/java-8-oracle/jre/lib/amd64/libnio.so
7f2120a1a000-7f212106b000 r--s 04e5d000 08:03 3054636                    /home/abdellah/spring/oldnoe4j/target/oldnoe4j-1.0-SNAPSHOT-jar-with-dependencies.jar
7f212106b000-7f212106c000 ---p 00000000 00:00 0 
7f212106c000-7f212116c000 rw-p 00000000 00:00 0 
7f212116c000-7f212116f000 ---p 00000000 00:00 0 
7f212116f000-7f212126d000 rw-p 00000000 00:00 0 
7f212126d000-7f2121270000 ---p 00000000 00:00 0 
7f2121270000-7f212136e000 rw-p 00000000 00:00 0 
7f212136e000-7f2121371000 ---p 00000000 00:00 0 
7f2121371000-7f212146f000 rw-p 00000000 00:00 0 
7f212146f000-7f2121472000 ---p 00000000 00:00 0 
7f2121472000-7f2121570000 rw-p 00000000 00:00 0 
7f2121570000-7f2121573000 ---p 00000000 00:00 0 
7f2121573000-7f2121671000 rw-p 00000000 00:00 0 
7f2121671000-7f212195e000 r--p 00000000 08:03 2099188                    /usr/lib/locale/locale-archive
7f212195e000-7f2121961000 ---p 00000000 00:00 0 
7f2121961000-7f2121a5f000 rw-p 00000000 00:00 0 
7f2121a5f000-7f2121a62000 ---p 00000000 00:00 0 
7f2121a62000-7f2121b60000 rw-p 00000000 00:00 0 
7f2121b60000-7f2121b61000 ---p 00000000 00:00 0 
7f2121b61000-7f2122a6f000 rw-p 00000000 00:00 0 
7f2122a6f000-7f2122c48000 r--s 03d5a000 08:03 2656246                    /usr/lib/jvm/java-8-oracle/jre/lib/rt.jar
7f2122c48000-7f2124000000 rw-p 00000000 00:00 0 
7f2124000000-7f2124021000 rw-p 00000000 00:00 0 
7f2124021000-7f2128000000 ---p 00000000 00:00 0 
7f2128000000-7f2128021000 rw-p 00000000 00:00 0 
7f2128021000-7f212c000000 ---p 00000000 00:00 0 
7f212c000000-7f212c1f8000 rw-p 00000000 00:00 0 
7f212c1f8000-7f2130000000 ---p 00000000 00:00 0 
7f2130024000-7f2130245000 rw-p 00000000 00:00 0 
7f2130245000-7f2130246000 ---p 00000000 00:00 0 
7f2130246000-7f2130346000 rw-p 00000000 00:00 0 
7f2130346000-7f2130347000 ---p 00000000 00:00 0 
7f2130347000-7f213093f000 rw-p 00000000 00:00 0 
7f213093f000-7f2130c17000 ---p 00000000 00:00 0 
7f2130c17000-7f2130fff000 rw-p 00000000 00:00 0 
7f2130fff000-7f2131000000 rw-p 00000000 00:00 0 
7f2131000000-7f2131a80000 rwxp 00000000 00:00 0 
7f2131a80000-7f2140000000 ---p 00000000 00:00 0 
7f2140000000-7f2144000000 rw-p 00000000 00:00 0 
7f214400f000-7f2144010000 ---p 00000000 00:00 0 
7f2144010000-7f2144110000 rw-p 00000000 00:00 0 
7f2144110000-7f2144111000 ---p 00000000 00:00 0 
7f2144111000-7f2144709000 rw-p 00000000 00:00 0 
7f2144709000-7f21449e1000 ---p 00000000 00:00 0 
7f21449e1000-7f2144a0b000 rw-p 00000000 00:00 0 
7f2144a0b000-7f2144da1000 ---p 00000000 00:00 0 
7f2144da1000-7f2144dbc000 r-xp 00000000 08:03 2656455                    /usr/lib/jvm/java-8-oracle/jre/lib/amd64/libzip.so
7f2144dbc000-7f2144fbc000 ---p 0001b000 08:03 2656455                    /usr/lib/jvm/java-8-oracle/jre/lib/amd64/libzip.so
7f2144fbc000-7f2144fbd000 rw-p 0001b000 08:03 2656455                    /usr/lib/jvm/java-8-oracle/jre/lib/amd64/libzip.so
7f2144fbd000-7f2144fc8000 r-xp 00000000 08:03 3146253                    /lib/x86_64-linux-gnu/libnss_files-2.23.so
7f2144fc8000-7f21451c7000 ---p 0000b000 08:03 3146253                    /lib/x86_64-linux-gnu/libnss_files-2.23.so
7f21451c7000-7f21451c8000 r--p 0000a000 08:03 3146253                    /lib/x86_64-linux-gnu/libnss_files-2.23.so
7f21451c8000-7f21451c9000 rw-p 0000b000 08:03 3146253                    /lib/x86_64-linux-gnu/libnss_files-2.23.so
7f21451c9000-7f21451cf000 rw-p 00000000 00:00 0 
7f21451cf000-7f21451da000 r-xp 00000000 08:03 3146259                    /lib/x86_64-linux-gnu/libnss_nis-2.23.so
7f21451da000-7f21453d9000 ---p 0000b000 08:03 3146259                    /lib/x86_64-linux-gnu/libnss_nis-2.23.so
7f21453d9000-7f21453da000 r--p 0000a000 08:03 3146259                    /lib/x86_64-linux-gnu/libnss_nis-2.23.so
7f21453da000-7f21453db000 rw-p 0000b000 08:03 3146259                    /lib/x86_64-linux-gnu/libnss_nis-2.23.so
7f21453db000-7f21453f1000 r-xp 00000000 08:03 3146245                    /lib/x86_64-linux-gnu/libnsl-2.23.so
7f21453f1000-7f21455f0000 ---p 00016000 08:03 3146245                    /lib/x86_64-linux-gnu/libnsl-2.23.so
7f21455f0000-7f21455f1000 r--p 00015000 08:03 3146245                    /lib/x86_64-linux-gnu/libnsl-2.23.so
7f21455f1000-7f21455f2000 rw-p 00016000 08:03 3146245                    /lib/x86_64-linux-gnu/libnsl-2.23.so
7f21455f2000-7f21455f4000 rw-p 00000000 00:00 0 
7f21455f4000-7f21455fc000 r-xp 00000000 08:03 3146271                    /lib/x86_64-linux-gnu/libnss_compat-2.23.so
7f21455fc000-7f21457fb000 ---p 00008000 08:03 3146271                    /lib/x86_64-linux-gnu/libnss_compat-2.23.so
7f21457fb000-7f21457fc000 r--p 00007000 08:03 3146271                    /lib/x86_64-linux-gnu/libnss_compat-2.23.so
7f21457fc000-7f21457fd000 rw-p 00008000 08:03 3146271                    /lib/x86_64-linux-gnu/libnss_compat-2.23.so
7f21457fd000-7f2145828000 r-xp 00000000 08:03 2656449                    /usr/lib/jvm/java-8-oracle/jre/lib/amd64/libjava.so
7f2145828000-7f2145a27000 ---p 0002b000 08:03 2656449                    /usr/lib/jvm/java-8-oracle/jre/lib/amd64/libjava.so
7f2145a27000-7f2145a29000 rw-p 0002a000 08:03 2656449                    /usr/lib/jvm/java-8-oracle/jre/lib/amd64/libjava.so
7f2145a29000-7f2145a36000 r-xp 00000000 08:03 2656454                    /usr/lib/jvm/java-8-oracle/jre/lib/amd64/libverify.so
7f2145a36000-7f2145c36000 ---p 0000d000 08:03 2656454                    /usr/lib/jvm/java-8-oracle/jre/lib/amd64/libverify.so
7f2145c36000-7f2145c38000 rw-p 0000d000 08:03 2656454                    /usr/lib/jvm/java-8-oracle/jre/lib/amd64/libverify.so
7f2145c38000-7f2145c3f000 r-xp 00000000 08:03 3146263                    /lib/x86_64-linux-gnu/librt-2.23.so
7f2145c3f000-7f2145e3e000 ---p 00007000 08:03 3146263                    /lib/x86_64-linux-gnu/librt-2.23.so
7f2145e3e000-7f2145e3f000 r--p 00006000 08:03 3146263                    /lib/x86_64-linux-gnu/librt-2.23.so
7f2145e3f000-7f2145e40000 rw-p 00007000 08:03 3146263                    /lib/x86_64-linux-gnu/librt-2.23.so
7f2145e40000-7f2145f48000 r-xp 00000000 08:03 3146286                    /lib/x86_64-linux-gnu/libm-2.23.so
7f2145f48000-7f2146147000 ---p 00108000 08:03 3146286                    /lib/x86_64-linux-gnu/libm-2.23.so
7f2146147000-7f2146148000 r--p 00107000 08:03 3146286                    /lib/x86_64-linux-gnu/libm-2.23.so
7f2146148000-7f2146149000 rw-p 00108000 08:03 3146286                    /lib/x86_64-linux-gnu/libm-2.23.so
7f2146149000-7f2146e1c000 r-xp 00000000 08:03 2656475                    /usr/lib/jvm/java-8-oracle/jre/lib/amd64/server/libjvm.so
7f2146e1c000-7f214701b000 ---p 00cd3000 08:03 2656475                    /usr/lib/jvm/java-8-oracle/jre/lib/amd64/server/libjvm.so
7f214701b000-7f21470f5000 rw-p 00cd2000 08:03 2656475                    /usr/lib/jvm/java-8-oracle/jre/lib/amd64/server/libjvm.so
7f21470f5000-7f2147140000 rw-p 00000000 00:00 0 
7f2147140000-7f2147300000 r-xp 00000000 08:03 3146291                    /lib/x86_64-linux-gnu/libc-2.23.so
7f2147300000-7f2147500000 ---p 001c0000 08:03 3146291                    /lib/x86_64-linux-gnu/libc-2.23.so
7f2147500000-7f2147504000 r--p 001c0000 08:03 3146291                    /lib/x86_64-linux-gnu/libc-2.23.so
7f2147504000-7f2147506000 rw-p 001c4000 08:03 3146291                    /lib/x86_64-linux-gnu/libc-2.23.so
7f2147506000-7f214750a000 rw-p 00000000 00:00 0 
7f214750a000-7f214750d000 r-xp 00000000 08:03 3146269                    /lib/x86_64-linux-gnu/libdl-2.23.so
7f214750d000-7f214770c000 ---p 00003000 08:03 3146269                    /lib/x86_64-linux-gnu/libdl-2.23.so
7f214770c000-7f214770d000 r--p 00002000 08:03 3146269                    /lib/x86_64-linux-gnu/libdl-2.23.so
7f214770d000-7f214770e000 rw-p 00003000 08:03 3146269                    /lib/x86_64-linux-gnu/libdl-2.23.so
7f214770e000-7f2147724000 r-xp 00000000 08:03 2656472                    /usr/lib/jvm/java-8-oracle/jre/lib/amd64/jli/libjli.so
7f2147724000-7f2147923000 ---p 00016000 08:03 2656472                    /usr/lib/jvm/java-8-oracle/jre/lib/amd64/jli/libjli.so
7f2147923000-7f2147924000 rw-p 00015000 08:03 2656472                    /usr/lib/jvm/java-8-oracle/jre/lib/amd64/jli/libjli.so
7f2147924000-7f214793c000 r-xp 00000000 08:03 3146257                    /lib/x86_64-linux-gnu/libpthread-2.23.so
7f214793c000-7f2147b3b000 ---p 00018000 08:03 3146257                    /lib/x86_64-linux-gnu/libpthread-2.23.so
7f2147b3b000-7f2147b3c000 r--p 00017000 08:03 3146257                    /lib/x86_64-linux-gnu/libpthread-2.23.so
7f2147b3c000-7f2147b3d000 rw-p 00018000 08:03 3146257                    /lib/x86_64-linux-gnu/libpthread-2.23.so
7f2147b3d000-7f2147b41000 rw-p 00000000 00:00 0 
7f2147b41000-7f2147b67000 r-xp 00000000 08:03 3146247                    /lib/x86_64-linux-gnu/ld-2.23.so
7f2147bb5000-7f2147c2b000 rw-p 00000000 00:00 0 
7f2147c2b000-7f2147c2e000 ---p 00000000 00:00 0 
7f2147c2e000-7f2147d30000 rw-p 00000000 00:00 0 
7f2147d48000-7f2147d4d000 r--s 0003e000 08:03 2656356                    /usr/lib/jvm/java-8-oracle/jre/lib/ext/sunjce_provider.jar
7f2147d4d000-7f2147d4f000 r--s 00009000 08:03 2656346                    /usr/lib/jvm/java-8-oracle/jre/lib/ext/sunec.jar
7f2147d4f000-7f2147d52000 r--s 0003a000 08:03 2656353                    /usr/lib/jvm/java-8-oracle/jre/lib/ext/sunpkcs11.jar
7f2147d52000-7f2147d55000 r--s 0001a000 08:03 2656257                    /usr/lib/jvm/java-8-oracle/jre/lib/jce.jar
7f2147d55000-7f2147d5a000 r--s 0009a000 08:03 2656251                    /usr/lib/jvm/java-8-oracle/jre/lib/jsse.jar
7f2147d5a000-7f2147d62000 rw-s 00000000 08:03 2622638                    /tmp/hsperfdata_abdellah/29395
7f2147d62000-7f2147d63000 rw-p 00000000 00:00 0 
7f2147d63000-7f2147d64000 ---p 00000000 00:00 0 
7f2147d64000-7f2147d66000 rw-p 00000000 00:00 0 
7f2147d66000-7f2147d67000 r--p 00025000 08:03 3146247                    /lib/x86_64-linux-gnu/ld-2.23.so
7f2147d67000-7f2147d68000 rw-p 00026000 08:03 3146247                    /lib/x86_64-linux-gnu/ld-2.23.so
7f2147d68000-7f2147d69000 rw-p 00000000 00:00 0 
7fff620e2000-7fff62104000 rw-p 00000000 00:00 0                          [stack]
7fff6210d000-7fff6210f000 r--p 00000000 00:00 0                          [vvar]
7fff6210f000-7fff62111000 r-xp 00000000 00:00 0                          [vdso]
ffffffffff600000-ffffffffff601000 r-xp 00000000 00:00 0                  [vsyscall]

VM Arguments:
jvm_args: -Xms1024M -Xmx6000M 
java_command: target/oldnoe4j-1.0-SNAPSHOT-jar-with-dependencies.jar
java_class_path (initial): target/oldnoe4j-1.0-SNAPSHOT-jar-with-dependencies.jar
Launcher Type: SUN_STANDARD

Environment Variables:
JAVA_HOME=/usr/lib/jvm/java-8-oracle
JRE_HOME=/usr/lib/jvm/java-8-oracle/jre
PATH=/media/abdellah/data/java/maven/apache-maven-3.5.2/bin:/opt/anaconda/bin:/u01/app/oracle/product/11.2.0/xe/bin:/usr/local/sbin:/usr/local/bin:/usr/sbin:/usr/bin:/sbin:/bin:/usr/games:/usr/local/games:/snap/bin:/usr/lib/jvm/java-8-oracle/bin:/usr/lib/jvm/java-8-oracle/db/bin:/usr/lib/jvm/java-8-oracle/jre/bin:/usr/local/hadoop/bin:/home/abdellah/Documents/java/google-cloud-sdk/bin
LD_LIBRARY_PATH=/u01/app/oracle/product/11.2.0/xe/lib:
SHELL=/bin/bash
DISPLAY=:0

Signal Handlers:
SIGSEGV: [libjvm.so+0xacbe10], sa_mask[0]=11111111011111111101111111111110, sa_flags=SA_RESTART|SA_SIGINFO
SIGBUS: [libjvm.so+0xacbe10], sa_mask[0]=11111111011111111101111111111110, sa_flags=SA_RESTART|SA_SIGINFO
SIGFPE: [libjvm.so+0x924f90], sa_mask[0]=11111111011111111101111111111110, sa_flags=SA_RESTART|SA_SIGINFO
SIGPIPE: [libjvm.so+0x924f90], sa_mask[0]=11111111011111111101111111111110, sa_flags=SA_RESTART|SA_SIGINFO
SIGXFSZ: [libjvm.so+0x924f90], sa_mask[0]=11111111011111111101111111111110, sa_flags=SA_RESTART|SA_SIGINFO
SIGILL: [libjvm.so+0x924f90], sa_mask[0]=11111111011111111101111111111110, sa_flags=SA_RESTART|SA_SIGINFO
SIGUSR1: SIG_DFL, sa_mask[0]=00000000000000000000000000000000, sa_flags=none
SIGUSR2: [libjvm.so+0x9267d0], sa_mask[0]=00000000000000000000000000000000, sa_flags=SA_RESTART|SA_SIGINFO
SIGHUP: [libjvm.so+0x927bd0], sa_mask[0]=11111111011111111101111111111110, sa_flags=SA_RESTART|SA_SIGINFO
SIGINT: [libjvm.so+0x927bd0], sa_mask[0]=11111111011111111101111111111110, sa_flags=SA_RESTART|SA_SIGINFO
SIGTERM: [libjvm.so+0x927bd0], sa_mask[0]=11111111011111111101111111111110, sa_flags=SA_RESTART|SA_SIGINFO
SIGQUIT: [libjvm.so+0x927bd0], sa_mask[0]=11111111011111111101111111111110, sa_flags=SA_RESTART|SA_SIGINFO


---------------  S Y S T E M  ---------------

OS:DISTRIB_ID=Ubuntu
DISTRIB_RELEASE=16.04
DISTRIB_CODENAME=xenial
DISTRIB_DESCRIPTION="Ubuntu 16.04.3 LTS"

uname:Linux 4.4.0-98-generic #121-Ubuntu SMP Tue Oct 10 14:24:03 UTC 2017 x86_64
libc:glibc 2.23 NPTL 2.23 
rlimit: STACK 8192k, CORE 0k, NPROC 31541, NOFILE 1048576, AS infinity
load average:2.27 2.58 2.53

/proc/meminfo:
MemTotal:        8122968 kB
MemFree:          567304 kB
MemAvailable:    1356840 kB
Buffers:          157376 kB
Cached:           837808 kB
SwapCached:            0 kB
Active:          6882880 kB
Inactive:         364376 kB
Active(anon):    6259660 kB
Inactive(anon):    30912 kB
Active(file):     623220 kB
Inactive(file):   333464 kB
Unevictable:         128 kB
Mlocked:             128 kB
SwapTotal:             0 kB
SwapFree:              0 kB
Dirty:               136 kB
Writeback:             0 kB
AnonPages:       6252200 kB
Mapped:           167616 kB
Shmem:             38496 kB
Slab:             158792 kB
SReclaimable:     108428 kB
SUnreclaim:        50364 kB
KernelStack:        8288 kB
PageTables:        42636 kB
NFS_Unstable:          0 kB
Bounce:                0 kB
WritebackTmp:          0 kB
CommitLimit:     4061484 kB
Committed_AS:    9464356 kB
VmallocTotal:   34359738367 kB
VmallocUsed:           0 kB
VmallocChunk:          0 kB
HardwareCorrupted:     0 kB
AnonHugePages:   4200448 kB
CmaTotal:              0 kB
CmaFree:               0 kB
HugePages_Total:       0
HugePages_Free:        0
HugePages_Rsvd:        0
HugePages_Surp:        0
Hugepagesize:       2048 kB
DirectMap4k:      523964 kB
DirectMap2M:     7813120 kB


CPU:total 4 (initial active 4) (2 cores per cpu, 2 threads per core) family 6 model 42 stepping 7, cmov, cx8, fxsr, mmx, sse, sse2, sse3, ssse3, sse4.1, sse4.2, popcnt, avx, aes, clmul, ht, tsc, tscinvbit

/proc/cpuinfo:
processor	: 0
vendor_id	: GenuineIntel
cpu family	: 6
model		: 42
model name	: Intel(R) Core(TM) i7-2620M CPU @ 2.70GHz
stepping	: 7
microcode	: 0x29
cpu MHz		: 2943.527
cache size	: 4096 KB
physical id	: 0
siblings	: 4
core id		: 0
cpu cores	: 2
apicid		: 0
initial apicid	: 0
fpu		: yes
fpu_exception	: yes
cpuid level	: 13
wp		: yes
flags		: fpu vme de pse tsc msr pae mce cx8 apic sep mtrr pge mca cmov pat pse36 clflush dts acpi mmx fxsr sse sse2 ss ht tm pbe syscall nx rdtscp lm constant_tsc arch_perfmon pebs bts rep_good nopl xtopology nonstop_tsc aperfmperf eagerfpu pni pclmulqdq dtes64 monitor ds_cpl vmx smx est tm2 ssse3 cx16 xtpr pdcm pcid sse4_1 sse4_2 x2apic popcnt tsc_deadline_timer aes xsave avx lahf_lm epb tpr_shadow vnmi flexpriority ept vpid xsaveopt dtherm ida arat pln pts
bugs		:
bogomips	: 5387.79
clflush size	: 64
cache_alignment	: 64
address sizes	: 36 bits physical, 48 bits virtual
power management:

processor	: 1
vendor_id	: GenuineIntel
cpu family	: 6
model		: 42
model name	: Intel(R) Core(TM) i7-2620M CPU @ 2.70GHz
stepping	: 7
microcode	: 0x29
cpu MHz		: 2999.953
cache size	: 4096 KB
physical id	: 0
siblings	: 4
core id		: 0
cpu cores	: 2
apicid		: 1
initial apicid	: 1
fpu		: yes
fpu_exception	: yes
cpuid level	: 13
wp		: yes
flags		: fpu vme de pse tsc msr pae mce cx8 apic sep mtrr pge mca cmov pat pse36 clflush dts acpi mmx fxsr sse sse2 ss ht tm pbe syscall nx rdtscp lm constant_tsc arch_perfmon pebs bts rep_good nopl xtopology nonstop_tsc aperfmperf eagerfpu pni pclmulqdq dtes64 monitor ds_cpl vmx smx est tm2 ssse3 cx16 xtpr pdcm pcid sse4_1 sse4_2 x2apic popcnt tsc_deadline_timer aes xsave avx lahf_lm epb tpr_shadow vnmi flexpriority ept vpid xsaveopt dtherm ida arat pln pts
bugs		:
bogomips	: 5387.79
clflush size	: 64
cache_alignment	: 64
address sizes	: 36 bits physical, 48 bits virtual
power management:

processor	: 2
vendor_id	: GenuineIntel
cpu family	: 6
model		: 42
model name	: Intel(R) Core(TM) i7-2620M CPU @ 2.70GHz
stepping	: 7
microcode	: 0x29
cpu MHz		: 2999.953
cache size	: 4096 KB
physical id	: 0
siblings	: 4
core id		: 1
cpu cores	: 2
apicid		: 2
initial apicid	: 2
fpu		: yes
fpu_exception	: yes
cpuid level	: 13
wp		: yes
flags		: fpu vme de pse tsc msr pae mce cx8 apic sep mtrr pge mca cmov pat pse36 clflush dts acpi mmx fxsr sse sse2 ss ht tm pbe syscall nx rdtscp lm constant_tsc arch_perfmon pebs bts rep_good nopl xtopology nonstop_tsc aperfmperf eagerfpu pni pclmulqdq dtes64 monitor ds_cpl vmx smx est tm2 ssse3 cx16 xtpr pdcm pcid sse4_1 sse4_2 x2apic popcnt tsc_deadline_timer aes xsave avx lahf_lm epb tpr_shadow vnmi flexpriority ept vpid xsaveopt dtherm ida arat pln pts
bugs		:
bogomips	: 5387.79
clflush size	: 64
cache_alignment	: 64
address sizes	: 36 bits physical, 48 bits virtual
power management:

processor	: 3
vendor_id	: GenuineIntel
cpu family	: 6
model		: 42
model name	: Intel(R) Core(TM) i7-2620M CPU @ 2.70GHz
stepping	: 7
microcode	: 0x29
cpu MHz		: 2839.851
cache size	: 4096 KB
physical id	: 0
siblings	: 4
core id		: 1
cpu cores	: 2
apicid		: 3
initial apicid	: 3
fpu		: yes
fpu_exception	: yes
cpuid level	: 13
wp		: yes
flags		: fpu vme de pse tsc msr pae mce cx8 apic sep mtrr pge mca cmov pat pse36 clflush dts acpi mmx fxsr sse sse2 ss ht tm pbe syscall nx rdtscp lm constant_tsc arch_perfmon pebs bts rep_good nopl xtopology nonstop_tsc aperfmperf eagerfpu pni pclmulqdq dtes64 monitor ds_cpl vmx smx est tm2 ssse3 cx16 xtpr pdcm pcid sse4_1 sse4_2 x2apic popcnt tsc_deadline_timer aes xsave avx lahf_lm epb tpr_shadow vnmi flexpriority ept vpid xsaveopt dtherm ida arat pln pts
bugs		:
bogomips	: 5387.79
clflush size	: 64
cache_alignment	: 64
address sizes	: 36 bits physical, 48 bits virtual
power management:



Memory: 4k page, physical 8122968k(567304k free), swap 0k(0k free)

vm_info: Java HotSpot(TM) 64-Bit Server VM (25.151-b12) for linux-amd64 JRE (1.8.0_151-b12), built on Sep  5 2017 19:20:58 by "java_re" with gcc 4.3.0 20080428 (Red Hat 4.3.0-8)

time: Wed Jan 10 19:19:54 2018
elapsed time: 68 seconds (0d 0h 1m 8s)

