2018-01-11 08:13:50.683+0000 INFO [o.n.k.i.f.CommunityEditionModule] No locking implementation specified, defaulting to 'community'
2018-01-11 08:13:50.898+0000 INFO [o.n.k.AvailabilityGuard] Requirement makes database unavailable: Database available
2018-01-11 08:13:50.933+0000 INFO [o.n.k.i.DiagnosticsManager] --- INITIALIZED diagnostics START ---
2018-01-11 08:13:50.933+0000 INFO [o.n.k.i.DiagnosticsManager] Neo4j Kernel properties:
2018-01-11 08:13:50.933+0000 INFO [o.n.k.i.DiagnosticsManager] unsupported.dbms.directories.neo4j_home=/home/abdellah/spring/oldnoe4j/target/target/neo4j-db
2018-01-11 08:13:50.933+0000 INFO [o.n.k.i.DiagnosticsManager] unsupported.dbms.edition=community
2018-01-11 08:13:50.934+0000 INFO [o.n.k.i.DiagnosticsManager] dbms.memory.pagecache.size=20G
2018-01-11 08:13:50.934+0000 INFO [o.n.k.i.DiagnosticsManager] unsupported.dbms.ephemeral=false
2018-01-11 08:13:50.934+0000 INFO [o.n.k.i.DiagnosticsManager] Diagnostics providers:
2018-01-11 08:13:50.934+0000 INFO [o.n.k.i.DiagnosticsManager] org.neo4j.kernel.configuration.Config
2018-01-11 08:13:50.934+0000 INFO [o.n.k.i.DiagnosticsManager] org.neo4j.kernel.info.DiagnosticsManager
2018-01-11 08:13:50.934+0000 INFO [o.n.k.i.DiagnosticsManager] SYSTEM_MEMORY
2018-01-11 08:13:50.934+0000 INFO [o.n.k.i.DiagnosticsManager] JAVA_MEMORY
2018-01-11 08:13:50.934+0000 INFO [o.n.k.i.DiagnosticsManager] OPERATING_SYSTEM
2018-01-11 08:13:50.934+0000 INFO [o.n.k.i.DiagnosticsManager] JAVA_VIRTUAL_MACHINE
2018-01-11 08:13:50.935+0000 INFO [o.n.k.i.DiagnosticsManager] CLASSPATH
2018-01-11 08:13:50.935+0000 INFO [o.n.k.i.DiagnosticsManager] LIBRARY_PATH
2018-01-11 08:13:50.935+0000 INFO [o.n.k.i.DiagnosticsManager] SYSTEM_PROPERTIES
2018-01-11 08:13:50.935+0000 INFO [o.n.k.i.DiagnosticsManager] LINUX_SCHEDULERS
2018-01-11 08:13:50.935+0000 INFO [o.n.k.i.DiagnosticsManager] NETWORK
2018-01-11 08:13:50.935+0000 INFO [o.n.k.i.DiagnosticsManager] System memory information:
2018-01-11 08:13:50.986+0000 INFO [o.n.k.i.DiagnosticsManager] Total Physical memory: 7.75 GB
2018-01-11 08:13:50.987+0000 INFO [o.n.k.i.DiagnosticsManager] Free Physical memory: 703.20 MB
2018-01-11 08:13:50.987+0000 INFO [o.n.k.i.DiagnosticsManager] Committed virtual memory: 4.42 GB
2018-01-11 08:13:50.987+0000 INFO [o.n.k.i.DiagnosticsManager] Total swap space: 0.00 B
2018-01-11 08:13:50.988+0000 INFO [o.n.k.i.DiagnosticsManager] Free swap space: 0.00 B
2018-01-11 08:13:50.988+0000 INFO [o.n.k.i.DiagnosticsManager] JVM memory information:
2018-01-11 08:13:50.988+0000 INFO [o.n.k.i.DiagnosticsManager] Free  memory: 61.07 MB
2018-01-11 08:13:50.988+0000 INFO [o.n.k.i.DiagnosticsManager] Total memory: 212.00 MB
2018-01-11 08:13:50.988+0000 INFO [o.n.k.i.DiagnosticsManager] Max   memory: 1.72 GB
2018-01-11 08:13:51.006+0000 INFO [o.n.k.i.DiagnosticsManager] Garbage Collector: PS Scavenge: [PS Eden Space, PS Survivor Space]
2018-01-11 08:13:51.007+0000 INFO [o.n.k.i.DiagnosticsManager] Garbage Collector: PS MarkSweep: [PS Eden Space, PS Survivor Space, PS Old Gen]
2018-01-11 08:13:51.008+0000 INFO [o.n.k.i.DiagnosticsManager] Memory Pool: Code Cache (Non-heap memory): committed=4.38 MB, used=4.34 MB, max=240.00 MB, threshold=0.00 B
2018-01-11 08:13:51.008+0000 INFO [o.n.k.i.DiagnosticsManager] Memory Pool: Metaspace (Non-heap memory): committed=12.50 MB, used=11.74 MB, max=-1.00 B, threshold=0.00 B
2018-01-11 08:13:51.009+0000 INFO [o.n.k.i.DiagnosticsManager] Memory Pool: Compressed Class Space (Non-heap memory): committed=1.75 MB, used=1.55 MB, max=1.00 GB, threshold=0.00 B
2018-01-11 08:13:51.009+0000 INFO [o.n.k.i.DiagnosticsManager] Memory Pool: PS Eden Space (Heap memory): committed=124.00 MB, used=121.88 MB, max=651.00 MB, threshold=?
2018-01-11 08:13:51.009+0000 INFO [o.n.k.i.DiagnosticsManager] Memory Pool: PS Survivor Space (Heap memory): committed=5.00 MB, used=4.99 MB, max=5.00 MB, threshold=?
2018-01-11 08:13:51.010+0000 INFO [o.n.k.i.DiagnosticsManager] Memory Pool: PS Old Gen (Heap memory): committed=83.00 MB, used=24.05 MB, max=1.29 GB, threshold=0.00 B
2018-01-11 08:13:51.010+0000 INFO [o.n.k.i.DiagnosticsManager] Operating system information:
2018-01-11 08:13:51.010+0000 INFO [o.n.k.i.DiagnosticsManager] Operating System: Linux; version: 4.4.0-98-generic; arch: amd64; cpus: 4
2018-01-11 08:13:51.011+0000 INFO [o.n.k.i.DiagnosticsManager] Max number of file descriptors: 1048576
2018-01-11 08:13:51.011+0000 INFO [o.n.k.i.DiagnosticsManager] Number of open file descriptors: 20
2018-01-11 08:13:51.029+0000 INFO [o.n.k.i.DiagnosticsManager] Process id: 12398@abdellah-HP-EliteBook-8560w
2018-01-11 08:13:51.030+0000 INFO [o.n.k.i.DiagnosticsManager] Byte order: LITTLE_ENDIAN
2018-01-11 08:13:51.060+0000 INFO [o.n.k.i.DiagnosticsManager] Local timezone: Europe/Paris
2018-01-11 08:13:51.060+0000 INFO [o.n.k.i.DiagnosticsManager] JVM information:
2018-01-11 08:13:51.060+0000 INFO [o.n.k.i.DiagnosticsManager] VM Name: Java HotSpot(TM) 64-Bit Server VM
2018-01-11 08:13:51.060+0000 INFO [o.n.k.i.DiagnosticsManager] VM Vendor: Oracle Corporation
2018-01-11 08:13:51.061+0000 INFO [o.n.k.i.DiagnosticsManager] VM Version: 25.151-b12
2018-01-11 08:13:51.062+0000 INFO [o.n.k.i.DiagnosticsManager] JIT compiler: HotSpot 64-Bit Tiered Compilers
2018-01-11 08:13:51.062+0000 INFO [o.n.k.i.DiagnosticsManager] VM Arguments: []
2018-01-11 08:13:51.063+0000 INFO [o.n.k.i.DiagnosticsManager] Java classpath:
2018-01-11 08:13:51.064+0000 INFO [o.n.k.i.DiagnosticsManager]  [bootstrap] /usr/lib/jvm/java-8-oracle/jre/lib/charsets.jar
2018-01-11 08:13:51.064+0000 INFO [o.n.k.i.DiagnosticsManager]  [loader.1] file:/usr/lib/jvm/java-8-oracle/jre/lib/ext/sunpkcs11.jar
2018-01-11 08:13:51.064+0000 INFO [o.n.k.i.DiagnosticsManager]  [loader.1] file:/usr/lib/jvm/java-8-oracle/jre/lib/ext/nashorn.jar
2018-01-11 08:13:51.064+0000 INFO [o.n.k.i.DiagnosticsManager]  [loader.1] file:/usr/lib/jvm/java-8-oracle/jre/lib/ext/dnsns.jar
2018-01-11 08:13:51.064+0000 INFO [o.n.k.i.DiagnosticsManager]  [loader.1] file:/usr/lib/jvm/java-8-oracle/jre/lib/ext/zipfs.jar
2018-01-11 08:13:51.064+0000 INFO [o.n.k.i.DiagnosticsManager]  [loader.1] file:/usr/lib/jvm/java-8-oracle/jre/lib/ext/jfxrt.jar
2018-01-11 08:13:51.064+0000 INFO [o.n.k.i.DiagnosticsManager]  [bootstrap] /usr/lib/jvm/java-8-oracle/jre/lib/jce.jar
2018-01-11 08:13:51.065+0000 INFO [o.n.k.i.DiagnosticsManager]  [bootstrap] /usr/lib/jvm/java-8-oracle/jre/lib/sunrsasign.jar
2018-01-11 08:13:51.065+0000 INFO [o.n.k.i.DiagnosticsManager]  [loader.1] file:/usr/lib/jvm/java-8-oracle/jre/lib/ext/sunjce_provider.jar
2018-01-11 08:13:51.065+0000 INFO [o.n.k.i.DiagnosticsManager]  [bootstrap] /usr/lib/jvm/java-8-oracle/jre/lib/rt.jar
2018-01-11 08:13:51.065+0000 INFO [o.n.k.i.DiagnosticsManager]  [bootstrap] /usr/lib/jvm/java-8-oracle/jre/lib/resources.jar
2018-01-11 08:13:51.065+0000 INFO [o.n.k.i.DiagnosticsManager]  [classpath + loader.0] file:/home/abdellah/spring/oldnoe4j/target/oldnoe4j-1.0-SNAPSHOT-jar-with-dependencies.jar
2018-01-11 08:13:51.065+0000 INFO [o.n.k.i.DiagnosticsManager]  [bootstrap] /usr/lib/jvm/java-8-oracle/jre/lib/jsse.jar
2018-01-11 08:13:51.066+0000 INFO [o.n.k.i.DiagnosticsManager]  [loader.1] file:/usr/lib/jvm/java-8-oracle/jre/lib/ext/jaccess.jar
2018-01-11 08:13:51.066+0000 INFO [o.n.k.i.DiagnosticsManager]  [bootstrap] /usr/lib/jvm/java-8-oracle/jre/classes
2018-01-11 08:13:51.066+0000 INFO [o.n.k.i.DiagnosticsManager]  [loader.1] file:/usr/lib/jvm/java-8-oracle/jre/lib/ext/localedata.jar
2018-01-11 08:13:51.066+0000 INFO [o.n.k.i.DiagnosticsManager]  [bootstrap] /usr/lib/jvm/java-8-oracle/jre/lib/jfr.jar
2018-01-11 08:13:51.066+0000 INFO [o.n.k.i.DiagnosticsManager]  [loader.1] file:/usr/lib/jvm/java-8-oracle/jre/lib/ext/cldrdata.jar
2018-01-11 08:13:51.066+0000 INFO [o.n.k.i.DiagnosticsManager]  [loader.1] file:/usr/lib/jvm/java-8-oracle/jre/lib/ext/sunec.jar
2018-01-11 08:13:51.066+0000 INFO [o.n.k.i.DiagnosticsManager] Library path:
2018-01-11 08:13:51.067+0000 INFO [o.n.k.i.DiagnosticsManager] /u01/app/oracle/product/11.2.0/xe/lib
2018-01-11 08:13:51.067+0000 INFO [o.n.k.i.DiagnosticsManager] /home/abdellah/spring/oldnoe4j/target
2018-01-11 08:13:51.067+0000 INFO [o.n.k.i.DiagnosticsManager] /usr/java/packages/lib/amd64
2018-01-11 08:13:51.067+0000 INFO [o.n.k.i.DiagnosticsManager] /usr/lib64
2018-01-11 08:13:51.068+0000 INFO [o.n.k.i.DiagnosticsManager] /lib64
2018-01-11 08:13:51.068+0000 INFO [o.n.k.i.DiagnosticsManager] /lib
2018-01-11 08:13:51.068+0000 INFO [o.n.k.i.DiagnosticsManager] /usr/lib
2018-01-11 08:13:51.068+0000 INFO [o.n.k.i.DiagnosticsManager] System.properties:
2018-01-11 08:13:51.069+0000 INFO [o.n.k.i.DiagnosticsManager] sun.boot.library.path = /usr/lib/jvm/java-8-oracle/jre/lib/amd64
2018-01-11 08:13:51.069+0000 INFO [o.n.k.i.DiagnosticsManager] path.separator = :
2018-01-11 08:13:51.069+0000 INFO [o.n.k.i.DiagnosticsManager] file.encoding.pkg = sun.io
2018-01-11 08:13:51.069+0000 INFO [o.n.k.i.DiagnosticsManager] user.country = US
2018-01-11 08:13:51.069+0000 INFO [o.n.k.i.DiagnosticsManager] sun.java.launcher = SUN_STANDARD
2018-01-11 08:13:51.069+0000 INFO [o.n.k.i.DiagnosticsManager] sun.os.patch.level = unknown
2018-01-11 08:13:51.070+0000 INFO [o.n.k.i.DiagnosticsManager] user.dir = /home/abdellah/spring/oldnoe4j/target
2018-01-11 08:13:51.070+0000 INFO [o.n.k.i.DiagnosticsManager] sun.jnu.encoding = UTF-8
2018-01-11 08:13:51.070+0000 INFO [o.n.k.i.DiagnosticsManager] sun.management.compiler = HotSpot 64-Bit Tiered Compilers
2018-01-11 08:13:51.070+0000 INFO [o.n.k.i.DiagnosticsManager] user.home = /home/abdellah
2018-01-11 08:13:51.070+0000 INFO [o.n.k.i.DiagnosticsManager] user.timezone = Europe/Paris
2018-01-11 08:13:51.070+0000 INFO [o.n.k.i.DiagnosticsManager] file.encoding = UTF-8
2018-01-11 08:13:51.070+0000 INFO [o.n.k.i.DiagnosticsManager] user.name = abdellah
2018-01-11 08:13:51.071+0000 INFO [o.n.k.i.DiagnosticsManager] sun.java.command = oldnoe4j-1.0-SNAPSHOT-jar-with-dependencies.jar
2018-01-11 08:13:51.071+0000 INFO [o.n.k.i.DiagnosticsManager] sun.arch.data.model = 64
2018-01-11 08:13:51.071+0000 INFO [o.n.k.i.DiagnosticsManager] user.language = en
2018-01-11 08:13:51.071+0000 INFO [o.n.k.i.DiagnosticsManager] awt.toolkit = sun.awt.X11.XToolkit
2018-01-11 08:13:51.071+0000 INFO [o.n.k.i.DiagnosticsManager] file.separator = /
2018-01-11 08:13:51.071+0000 INFO [o.n.k.i.DiagnosticsManager] sun.io.unicode.encoding = UnicodeLittle
2018-01-11 08:13:51.071+0000 INFO [o.n.k.i.DiagnosticsManager] sun.cpu.endian = little
2018-01-11 08:13:51.072+0000 INFO [o.n.k.i.DiagnosticsManager] sun.desktop = gnome
2018-01-11 08:13:51.072+0000 INFO [o.n.k.i.DiagnosticsManager] sun.cpu.isalist = 
2018-01-11 08:13:51.072+0000 INFO [o.n.k.i.DiagnosticsManager] Linux scheduler information:
2018-01-11 08:13:51.106+0000 INFO [o.n.k.i.DiagnosticsManager] noop [deadline] cfq 
2018-01-11 08:13:51.106+0000 INFO [o.n.k.i.DiagnosticsManager] noop [deadline] cfq 
2018-01-11 08:13:51.106+0000 INFO [o.n.k.i.DiagnosticsManager] noop [deadline] cfq 
2018-01-11 08:13:51.107+0000 INFO [o.n.k.i.DiagnosticsManager] none
2018-01-11 08:13:51.107+0000 INFO [o.n.k.i.DiagnosticsManager] none
2018-01-11 08:13:51.107+0000 INFO [o.n.k.i.DiagnosticsManager] none
2018-01-11 08:13:51.108+0000 INFO [o.n.k.i.DiagnosticsManager] none
2018-01-11 08:13:51.108+0000 INFO [o.n.k.i.DiagnosticsManager] none
2018-01-11 08:13:51.109+0000 INFO [o.n.k.i.DiagnosticsManager] none
2018-01-11 08:13:51.109+0000 INFO [o.n.k.i.DiagnosticsManager] none
2018-01-11 08:13:51.109+0000 INFO [o.n.k.i.DiagnosticsManager] none
2018-01-11 08:13:51.110+0000 INFO [o.n.k.i.DiagnosticsManager] Network information:
2018-01-11 08:13:51.119+0000 INFO [o.n.k.i.DiagnosticsManager] Interface wlo1:
2018-01-11 08:13:51.120+0000 INFO [o.n.k.i.DiagnosticsManager]     address: fe80:0:0:0:120b:a9ff:fe57:62e0%wlo1
2018-01-11 08:13:51.120+0000 INFO [o.n.k.i.DiagnosticsManager]     address: 10.42.0.1
2018-01-11 08:13:51.120+0000 INFO [o.n.k.i.DiagnosticsManager] Interface lo:
2018-01-11 08:13:51.120+0000 INFO [o.n.k.i.DiagnosticsManager]     address: 0:0:0:0:0:0:0:1%lo
2018-01-11 08:13:51.120+0000 INFO [o.n.k.i.DiagnosticsManager]     address: 127.0.0.1
2018-01-11 08:13:51.120+0000 INFO [o.n.k.i.DiagnosticsManager] --- INITIALIZED diagnostics END ---
2018-01-11 08:13:51.244+0000 INFO [o.n.k.i.s.f.RecordFormatSelector] Selected format 'RecordFormat:StandardV3_2[v0.A.8]' for the new store
2018-01-11 08:13:52.803+0000 INFO [o.n.k.i.a.i.IndexingService] IndexingService.init: indexes not specifically mentioned above are null
2018-01-11 08:13:52.819+0000 INFO [o.n.k.i.i.l.NativeLabelScanStore] No scan store found, this might just be first use. Preparing to rebuild.
2018-01-11 08:13:52.913+0000 INFO [o.n.k.NeoStoreDataSource] Opened logical log [/home/abdellah/spring/oldnoe4j/target/target/neo4j-db/neostore.transaction.db.0] version=0, lastTxId=1 (clean)
2018-01-11 08:13:52.914+0000 INFO [o.n.k.NeoStoreDataSource] No commits found after last check point (which is at <no log position given>)
2018-01-11 08:13:52.920+0000 WARN [o.n.k.i.s.MetaDataStore] Missing counts store, rebuilding it.
2018-01-11 08:13:53.011+0000 WARN [o.n.k.i.s.MetaDataStore] Counts store rebuild completed.
2018-01-11 08:13:53.031+0000 INFO [o.n.k.i.a.i.IndexingService] IndexingService.start: indexes not specifically mentioned above are null
2018-01-11 08:13:53.032+0000 INFO [o.n.k.i.i.l.NativeLabelScanStore] Rebuilding scan store, this may take a while
2018-01-11 08:13:53.060+0000 INFO [o.n.k.i.i.l.NativeLabelScanStore] Scan store rebuilt (roughly 0 nodes)
2018-01-11 08:13:53.063+0000 INFO [o.n.k.i.DatabaseHealth] Database health set to OK
2018-01-11 08:13:53.659+0000 INFO [o.n.k.AvailabilityGuard] Fulfilling of requirement makes database available: Database available
2018-01-11 08:13:53.660+0000 INFO [o.n.k.i.f.GraphDatabaseFacadeFactory] Database is now ready
2018-01-11 08:13:53.661+0000 INFO [o.n.k.i.DiagnosticsManager] --- STARTED diagnostics for KernelDiagnostics:Versions START ---
2018-01-11 08:13:53.662+0000 INFO [o.n.k.i.DiagnosticsManager] Graph Database: community single StoreId{creationTime=1515658432463, randomId=5759082085277215628, storeVersion=15813456178476550, upgradeTime=1515658432463, upgradeId=1}
2018-01-11 08:13:53.662+0000 INFO [o.n.k.i.DiagnosticsManager] Kernel version: dev
2018-01-11 08:13:53.662+0000 INFO [o.n.k.i.DiagnosticsManager] --- STARTED diagnostics for KernelDiagnostics:Versions END ---
2018-01-11 08:13:53.664+0000 INFO [o.n.k.i.DiagnosticsManager] --- STARTED diagnostics for NEO_STORE_VERSIONS START ---
2018-01-11 08:13:53.664+0000 INFO [o.n.k.i.DiagnosticsManager] Store versions:
2018-01-11 08:13:53.664+0000 INFO [o.n.k.i.DiagnosticsManager] Store versions:
2018-01-11 08:13:53.664+0000 INFO [o.n.k.i.DiagnosticsManager]   ArrayPropertyStore v0.A.8
2018-01-11 08:13:53.664+0000 INFO [o.n.k.i.DiagnosticsManager]   NodeStore v0.A.8
2018-01-11 08:13:53.665+0000 INFO [o.n.k.i.DiagnosticsManager]   StringPropertyStore v0.A.8
2018-01-11 08:13:53.665+0000 INFO [o.n.k.i.DiagnosticsManager]   PropertyIndexStore v0.A.8
2018-01-11 08:13:53.665+0000 INFO [o.n.k.i.DiagnosticsManager]   StringPropertyStore v0.A.8
2018-01-11 08:13:53.665+0000 INFO [o.n.k.i.DiagnosticsManager]   ArrayPropertyStore v0.A.8
2018-01-11 08:13:53.665+0000 INFO [o.n.k.i.DiagnosticsManager]   PropertyStore v0.A.8
2018-01-11 08:13:53.665+0000 INFO [o.n.k.i.DiagnosticsManager]   RelationshipStore v0.A.8
2018-01-11 08:13:53.665+0000 INFO [o.n.k.i.DiagnosticsManager]   StringPropertyStore v0.A.8
2018-01-11 08:13:53.665+0000 INFO [o.n.k.i.DiagnosticsManager]   RelationshipTypeStore v0.A.8
2018-01-11 08:13:53.666+0000 INFO [o.n.k.i.DiagnosticsManager]   StringPropertyStore v0.A.8
2018-01-11 08:13:53.666+0000 INFO [o.n.k.i.DiagnosticsManager]   LabelTokenStore v0.A.8
2018-01-11 08:13:53.666+0000 INFO [o.n.k.i.DiagnosticsManager]   SchemaStore v0.A.8
2018-01-11 08:13:53.666+0000 INFO [o.n.k.i.DiagnosticsManager]   RelationshipGroupStore v0.A.8
2018-01-11 08:13:53.666+0000 INFO [o.n.k.i.DiagnosticsManager]   NeoStore v0.A.8
2018-01-11 08:13:53.666+0000 INFO [o.n.k.i.DiagnosticsManager] --- STARTED diagnostics for NEO_STORE_VERSIONS END ---
2018-01-11 08:13:53.666+0000 INFO [o.n.k.i.DiagnosticsManager] --- STARTED diagnostics for NEO_STORE_ID_USAGE START ---
2018-01-11 08:13:53.667+0000 INFO [o.n.k.i.DiagnosticsManager] Id usage:
2018-01-11 08:13:53.667+0000 INFO [o.n.k.i.DiagnosticsManager] Id usage:
2018-01-11 08:13:53.667+0000 INFO [o.n.k.i.DiagnosticsManager]   ArrayPropertyStore: used=1 high=0
2018-01-11 08:13:53.667+0000 INFO [o.n.k.i.DiagnosticsManager]   NodeStore: used=0 high=-1
2018-01-11 08:13:53.667+0000 INFO [o.n.k.i.DiagnosticsManager]   StringPropertyStore: used=1 high=0
2018-01-11 08:13:53.667+0000 INFO [o.n.k.i.DiagnosticsManager]   PropertyIndexStore: used=0 high=-1
2018-01-11 08:13:53.667+0000 INFO [o.n.k.i.DiagnosticsManager]   StringPropertyStore: used=1 high=0
2018-01-11 08:13:53.668+0000 INFO [o.n.k.i.DiagnosticsManager]   ArrayPropertyStore: used=1 high=0
2018-01-11 08:13:53.668+0000 INFO [o.n.k.i.DiagnosticsManager]   PropertyStore: used=0 high=-1
2018-01-11 08:13:53.668+0000 INFO [o.n.k.i.DiagnosticsManager]   RelationshipStore: used=0 high=-1
2018-01-11 08:13:53.668+0000 INFO [o.n.k.i.DiagnosticsManager]   StringPropertyStore: used=1 high=0
2018-01-11 08:13:53.668+0000 INFO [o.n.k.i.DiagnosticsManager]   RelationshipTypeStore: used=0 high=-1
2018-01-11 08:13:53.668+0000 INFO [o.n.k.i.DiagnosticsManager]   StringPropertyStore: used=1 high=0
2018-01-11 08:13:53.669+0000 INFO [o.n.k.i.DiagnosticsManager]   LabelTokenStore: used=0 high=-1
2018-01-11 08:13:53.669+0000 INFO [o.n.k.i.DiagnosticsManager]   SchemaStore: used=1 high=0
2018-01-11 08:13:53.669+0000 INFO [o.n.k.i.DiagnosticsManager]   RelationshipGroupStore: used=1 high=0
2018-01-11 08:13:53.669+0000 INFO [o.n.k.i.DiagnosticsManager]   NeoStore: used=15 high=14
2018-01-11 08:13:53.669+0000 INFO [o.n.k.i.DiagnosticsManager] --- STARTED diagnostics for NEO_STORE_ID_USAGE END ---
2018-01-11 08:13:53.669+0000 INFO [o.n.k.i.DiagnosticsManager] --- STARTED diagnostics for NEO_STORE_RECORDS START ---
2018-01-11 08:13:53.669+0000 INFO [o.n.k.i.DiagnosticsManager] Neostore records:
2018-01-11 08:13:53.670+0000 INFO [o.n.k.i.DiagnosticsManager] TIME (Creation time): 1515658432463
2018-01-11 08:13:53.670+0000 INFO [o.n.k.i.DiagnosticsManager] RANDOM_NUMBER (Random number for store id): 5759082085277215628
2018-01-11 08:13:53.671+0000 INFO [o.n.k.i.DiagnosticsManager] LOG_VERSION (Current log version): 0
2018-01-11 08:13:53.671+0000 INFO [o.n.k.i.DiagnosticsManager] LAST_TRANSACTION_ID (Last committed transaction): 1
2018-01-11 08:13:53.671+0000 INFO [o.n.k.i.DiagnosticsManager] STORE_VERSION (Store format version): 15813456178476550
2018-01-11 08:13:53.671+0000 INFO [o.n.k.i.DiagnosticsManager] FIRST_GRAPH_PROPERTY (First property record containing graph properties): -1
2018-01-11 08:13:53.671+0000 INFO [o.n.k.i.DiagnosticsManager] LAST_CONSTRAINT_TRANSACTION (Last committed transaction containing constraint changes): 0
2018-01-11 08:13:53.671+0000 INFO [o.n.k.i.DiagnosticsManager] UPGRADE_TRANSACTION_ID (Transaction id most recent upgrade was performed at): 1
2018-01-11 08:13:53.671+0000 INFO [o.n.k.i.DiagnosticsManager] UPGRADE_TIME (Time of last upgrade): 1515658432463
2018-01-11 08:13:53.672+0000 INFO [o.n.k.i.DiagnosticsManager] LAST_TRANSACTION_CHECKSUM (Checksum of last committed transaction): 0
2018-01-11 08:13:53.672+0000 INFO [o.n.k.i.DiagnosticsManager] UPGRADE_TRANSACTION_CHECKSUM (Checksum of transaction id the most recent upgrade was performed at): 0
2018-01-11 08:13:53.672+0000 INFO [o.n.k.i.DiagnosticsManager] LAST_CLOSED_TRANSACTION_LOG_VERSION (Log version where the last transaction commit entry has been written into): 0
2018-01-11 08:13:53.672+0000 INFO [o.n.k.i.DiagnosticsManager] LAST_CLOSED_TRANSACTION_LOG_BYTE_OFFSET (Byte offset in the log file where the last transaction commit entry has been written into): 16
2018-01-11 08:13:53.672+0000 INFO [o.n.k.i.DiagnosticsManager] LAST_TRANSACTION_COMMIT_TIMESTAMP (Commit time timestamp for last committed transaction): 0
2018-01-11 08:13:53.672+0000 INFO [o.n.k.i.DiagnosticsManager] UPGRADE_TRANSACTION_COMMIT_TIMESTAMP (Commit timestamp of transaction the most recent upgrade was performed at): 0
2018-01-11 08:13:53.672+0000 INFO [o.n.k.i.DiagnosticsManager] --- STARTED diagnostics for NEO_STORE_RECORDS END ---
2018-01-11 08:13:53.673+0000 INFO [o.n.k.i.DiagnosticsManager] --- STARTED diagnostics for TRANSACTION_RANGE START ---
2018-01-11 08:13:53.674+0000 INFO [o.n.k.i.DiagnosticsManager] Transaction log:
2018-01-11 08:13:53.674+0000 INFO [o.n.k.i.DiagnosticsManager] No transactions found in any log
2018-01-11 08:13:53.674+0000 INFO [o.n.k.i.DiagnosticsManager] --- STARTED diagnostics for TRANSACTION_RANGE END ---
2018-01-11 08:13:53.693+0000 INFO [o.n.k.i.DiagnosticsManager] --- STARTED diagnostics for KernelDiagnostics:StoreFiles START ---
2018-01-11 08:13:53.694+0000 INFO [o.n.k.i.DiagnosticsManager] Disk space on partition (Total / Free / Free %): 79131844608 / 8656613376 / 10
2018-01-11 08:13:53.694+0000 INFO [o.n.k.i.DiagnosticsManager] Storage files: (filename : modification date - size)
2018-01-11 08:13:53.695+0000 INFO [o.n.k.i.DiagnosticsManager]   index:
2018-01-11 08:13:53.696+0000 INFO [o.n.k.i.DiagnosticsManager]   - Total: 2018-01-11T09:13:52+0100 - 0.00 B
2018-01-11 08:13:53.696+0000 INFO [o.n.k.i.DiagnosticsManager]   logs:
2018-01-11 08:13:53.697+0000 INFO [o.n.k.i.DiagnosticsManager]     debug.log: 2018-01-11T09:13:53+0100 - 21.05 kB
2018-01-11 08:13:53.697+0000 INFO [o.n.k.i.DiagnosticsManager]   - Total: 2018-01-11T09:13:49+0100 - 21.05 kB
2018-01-11 08:13:53.697+0000 INFO [o.n.k.i.DiagnosticsManager]   neostore: 2018-01-11T09:13:52+0100 - 8.00 kB
2018-01-11 08:13:53.697+0000 INFO [o.n.k.i.DiagnosticsManager]   neostore.counts.db.a: 2018-01-11T09:13:53+0100 - 96.00 B
2018-01-11 08:13:53.697+0000 INFO [o.n.k.i.DiagnosticsManager]   neostore.id: 2018-01-11T09:13:52+0100 - 9.00 B
2018-01-11 08:13:53.698+0000 INFO [o.n.k.i.DiagnosticsManager]   neostore.labelscanstore.db: 2018-01-11T09:13:53+0100 - 40.00 kB
2018-01-11 08:13:53.698+0000 INFO [o.n.k.i.DiagnosticsManager]   neostore.labeltokenstore.db: 2018-01-11T09:13:52+0100 - 0.00 B
2018-01-11 08:13:53.698+0000 INFO [o.n.k.i.DiagnosticsManager]   neostore.labeltokenstore.db.id: 2018-01-11T09:13:52+0100 - 9.00 B
2018-01-11 08:13:53.698+0000 INFO [o.n.k.i.DiagnosticsManager]   neostore.labeltokenstore.db.names: 2018-01-11T09:13:52+0100 - 8.00 kB
2018-01-11 08:13:53.699+0000 INFO [o.n.k.i.DiagnosticsManager]   neostore.labeltokenstore.db.names.id: 2018-01-11T09:13:52+0100 - 9.00 B
2018-01-11 08:13:53.699+0000 INFO [o.n.k.i.DiagnosticsManager]   neostore.nodestore.db: 2018-01-11T09:13:51+0100 - 0.00 B
2018-01-11 08:13:53.699+0000 INFO [o.n.k.i.DiagnosticsManager]   neostore.nodestore.db.id: 2018-01-11T09:13:51+0100 - 9.00 B
2018-01-11 08:13:53.699+0000 INFO [o.n.k.i.DiagnosticsManager]   neostore.nodestore.db.labels: 2018-01-11T09:13:51+0100 - 8.00 kB
2018-01-11 08:13:53.700+0000 INFO [o.n.k.i.DiagnosticsManager]   neostore.nodestore.db.labels.id: 2018-01-11T09:13:51+0100 - 9.00 B
2018-01-11 08:13:53.700+0000 INFO [o.n.k.i.DiagnosticsManager]   neostore.propertystore.db: 2018-01-11T09:13:51+0100 - 0.00 B
2018-01-11 08:13:53.700+0000 INFO [o.n.k.i.DiagnosticsManager]   neostore.propertystore.db.arrays: 2018-01-11T09:13:51+0100 - 8.00 kB
2018-01-11 08:13:53.700+0000 INFO [o.n.k.i.DiagnosticsManager]   neostore.propertystore.db.arrays.id: 2018-01-11T09:13:51+0100 - 9.00 B
2018-01-11 08:13:53.701+0000 INFO [o.n.k.i.DiagnosticsManager]   neostore.propertystore.db.id: 2018-01-11T09:13:51+0100 - 9.00 B
2018-01-11 08:13:53.701+0000 INFO [o.n.k.i.DiagnosticsManager]   neostore.propertystore.db.index: 2018-01-11T09:13:51+0100 - 0.00 B
2018-01-11 08:13:53.701+0000 INFO [o.n.k.i.DiagnosticsManager]   neostore.propertystore.db.index.id: 2018-01-11T09:13:51+0100 - 9.00 B
2018-01-11 08:13:53.701+0000 INFO [o.n.k.i.DiagnosticsManager]   neostore.propertystore.db.index.keys: 2018-01-11T09:13:51+0100 - 8.00 kB
2018-01-11 08:13:53.702+0000 INFO [o.n.k.i.DiagnosticsManager]   neostore.propertystore.db.index.keys.id: 2018-01-11T09:13:51+0100 - 9.00 B
2018-01-11 08:13:53.702+0000 INFO [o.n.k.i.DiagnosticsManager]   neostore.propertystore.db.strings: 2018-01-11T09:13:51+0100 - 8.00 kB
2018-01-11 08:13:53.702+0000 INFO [o.n.k.i.DiagnosticsManager]   neostore.propertystore.db.strings.id: 2018-01-11T09:13:51+0100 - 9.00 B
2018-01-11 08:13:53.702+0000 INFO [o.n.k.i.DiagnosticsManager]   neostore.relationshipgroupstore.db: 2018-01-11T09:13:52+0100 - 8.00 kB
2018-01-11 08:13:53.703+0000 INFO [o.n.k.i.DiagnosticsManager]   neostore.relationshipgroupstore.db.id: 2018-01-11T09:13:52+0100 - 9.00 B
2018-01-11 08:13:53.703+0000 INFO [o.n.k.i.DiagnosticsManager]   neostore.relationshipstore.db: 2018-01-11T09:13:51+0100 - 0.00 B
2018-01-11 08:13:53.703+0000 INFO [o.n.k.i.DiagnosticsManager]   neostore.relationshipstore.db.id: 2018-01-11T09:13:51+0100 - 9.00 B
2018-01-11 08:13:53.703+0000 INFO [o.n.k.i.DiagnosticsManager]   neostore.relationshiptypestore.db: 2018-01-11T09:13:51+0100 - 0.00 B
2018-01-11 08:13:53.704+0000 INFO [o.n.k.i.DiagnosticsManager]   neostore.relationshiptypestore.db.id: 2018-01-11T09:13:52+0100 - 9.00 B
2018-01-11 08:13:53.704+0000 INFO [o.n.k.i.DiagnosticsManager]   neostore.relationshiptypestore.db.names: 2018-01-11T09:13:51+0100 - 8.00 kB
2018-01-11 08:13:53.704+0000 INFO [o.n.k.i.DiagnosticsManager]   neostore.relationshiptypestore.db.names.id: 2018-01-11T09:13:51+0100 - 9.00 B
2018-01-11 08:13:53.704+0000 INFO [o.n.k.i.DiagnosticsManager]   neostore.schemastore.db: 2018-01-11T09:13:52+0100 - 8.00 kB
2018-01-11 08:13:53.705+0000 INFO [o.n.k.i.DiagnosticsManager]   neostore.schemastore.db.id: 2018-01-11T09:13:52+0100 - 9.00 B
2018-01-11 08:13:53.705+0000 INFO [o.n.k.i.DiagnosticsManager]   neostore.transaction.db.0: 2018-01-11T09:13:52+0100 - 16.00 B
2018-01-11 08:13:53.705+0000 INFO [o.n.k.i.DiagnosticsManager]   store_lock: 2018-01-11T09:13:51+0100 - 0.00 B
2018-01-11 08:13:53.705+0000 INFO [o.n.k.i.DiagnosticsManager] Storage summary: 
2018-01-11 08:13:53.705+0000 INFO [o.n.k.i.DiagnosticsManager]   Total size of store: 133.29 kB
2018-01-11 08:13:53.705+0000 INFO [o.n.k.i.DiagnosticsManager]   Total size of mapped files: 112.00 kB
2018-01-11 08:13:53.706+0000 INFO [o.n.k.i.DiagnosticsManager] --- STARTED diagnostics for KernelDiagnostics:StoreFiles END ---
2018-01-11 08:13:55.924+0000 WARN [o.n.k.i.c.MonitorGc] GC Monitor: Application threads blocked for 858ms.
2018-01-11 08:13:57.187+0000 WARN [o.n.k.i.c.MonitorGc] GC Monitor: Application threads blocked for 762ms.
2018-01-11 08:14:00.721+0000 WARN [o.n.k.i.c.MonitorGc] GC Monitor: Application threads blocked for 2509ms.
2018-01-11 08:14:01.864+0000 INFO [o.n.k.i.f.GraphDatabaseFacadeFactory] Shutdown started
2018-01-11 08:14:01.868+0000 INFO [o.n.k.i.f.GraphDatabaseFacadeFactory] Database is now unavailable
2018-01-11 08:14:05.871+0000 WARN [o.n.k.i.c.MonitorGc] GC Monitor: Application threads blocked for 1846ms.
2018-01-11 08:14:12.336+0000 INFO [o.n.k.i.t.l.c.CheckPointerImpl] Check Pointing triggered by database shutdown [5]:  Starting check pointing...
2018-01-11 08:14:12.336+0000 INFO [o.n.k.i.t.l.c.CheckPointerImpl] Check Pointing triggered by database shutdown [5]:  Starting store flush...
2018-01-11 08:14:12.579+0000 INFO [o.n.k.i.s.c.CountsTracker] About to rotate counts store at transaction 5 to [/home/abdellah/spring/oldnoe4j/target/target/neo4j-db/neostore.counts.db.b], from [/home/abdellah/spring/oldnoe4j/target/target/neo4j-db/neostore.counts.db.a].
2018-01-11 08:14:12.641+0000 INFO [o.n.k.i.s.c.CountsTracker] Successfully rotated counts store at transaction 5 to [/home/abdellah/spring/oldnoe4j/target/target/neo4j-db/neostore.counts.db.b], from [/home/abdellah/spring/oldnoe4j/target/target/neo4j-db/neostore.counts.db.a].
2018-01-11 08:14:13.129+0000 INFO [o.n.k.i.t.l.c.CheckPointerImpl] Check Pointing triggered by database shutdown [5]:  Store flush completed
2018-01-11 08:14:13.131+0000 INFO [o.n.k.i.t.l.c.CheckPointerImpl] Check Pointing triggered by database shutdown [5]:  Starting appending check point entry into the tx log...
2018-01-11 08:14:13.222+0000 INFO [o.n.k.i.t.l.c.CheckPointerImpl] Check Pointing triggered by database shutdown [5]:  Appending check point entry into the tx log completed
2018-01-11 08:14:13.223+0000 INFO [o.n.k.i.t.l.c.CheckPointerImpl] Check Pointing triggered by database shutdown [5]:  Check pointing completed
2018-01-11 08:14:13.223+0000 INFO [o.n.k.i.t.l.p.LogPruningImpl] Log Rotation [0]:  Starting log pruning.
2018-01-11 08:14:13.223+0000 INFO [o.n.k.i.t.l.p.LogPruningImpl] Log Rotation [0]:  Log pruning complete.
2018-01-11 08:14:13.582+0000 INFO [o.n.k.i.DiagnosticsManager] --- STOPPING diagnostics START ---
2018-01-11 08:14:13.583+0000 INFO [o.n.k.i.DiagnosticsManager] --- STOPPING diagnostics END ---
